[2023-11-24T14:45:30.647+0000] {manager.py:487} INFO - Processing files using up to 2 processes at a time 
[2023-11-24T14:45:30.650+0000] {manager.py:488} INFO - Process each file at most once every 30 seconds
[2023-11-24T14:45:30.652+0000] {manager.py:489} INFO - Checking for new files in /opt/airflow/dags every 300 seconds
[2023-11-24T14:45:30.653+0000] {manager.py:755} INFO - Searching for files in /opt/airflow/dags
[2023-11-24T14:45:30.657+0000] {manager.py:758} INFO - There are 0 files in /opt/airflow/dags
[2023-11-24T14:50:31.039+0000] {manager.py:755} INFO - Searching for files in /opt/airflow/dags
[2023-11-24T14:50:31.051+0000] {manager.py:758} INFO - There are 0 files in /opt/airflow/dags
[2023-11-24T14:55:31.443+0000] {manager.py:755} INFO - Searching for files in /opt/airflow/dags
[2023-11-24T14:55:31.453+0000] {manager.py:758} INFO - There are 0 files in /opt/airflow/dags
[2023-11-24T14:59:23.924+0000] {manager.py:469} INFO - Exiting gracefully upon receiving signal 15
[2023-11-24T15:01:17.520+0000] {manager.py:487} INFO - Processing files using up to 2 processes at a time 
[2023-11-24T15:01:17.521+0000] {manager.py:488} INFO - Process each file at most once every 30 seconds
[2023-11-24T15:01:17.523+0000] {manager.py:489} INFO - Checking for new files in /opt/airflow/dags every 300 seconds
[2023-11-24T15:01:17.525+0000] {manager.py:755} INFO - Searching for files in /opt/airflow/dags
[2023-11-24T15:01:17.529+0000] {manager.py:758} INFO - There are 0 files in /opt/airflow/dags
[2023-11-24T15:04:50.349+0000] {manager.py:469} INFO - Exiting gracefully upon receiving signal 15
[2023-11-24T15:05:24.516+0000] {manager.py:487} INFO - Processing files using up to 2 processes at a time 
[2023-11-24T15:05:24.521+0000] {manager.py:488} INFO - Process each file at most once every 30 seconds
[2023-11-24T15:05:24.524+0000] {manager.py:489} INFO - Checking for new files in /opt/airflow/dags every 300 seconds
[2023-11-24T15:05:24.525+0000] {manager.py:755} INFO - Searching for files in /opt/airflow/dags
[2023-11-24T15:05:24.528+0000] {manager.py:758} INFO - There are 0 files in /opt/airflow/dags
[2023-11-24T15:10:24.713+0000] {manager.py:755} INFO - Searching for files in /opt/airflow/dags
[2023-11-24T15:10:24.729+0000] {manager.py:758} INFO - There are 0 files in /opt/airflow/dags
[2023-11-24T15:15:25.069+0000] {manager.py:755} INFO - Searching for files in /opt/airflow/dags
[2023-11-24T15:15:25.293+0000] {manager.py:758} INFO - There are 0 files in /opt/airflow/dags
[2023-11-24T15:20:25.674+0000] {manager.py:755} INFO - Searching for files in /opt/airflow/dags
[2023-11-24T15:20:25.684+0000] {manager.py:758} INFO - There are 0 files in /opt/airflow/dags
[2023-11-24T15:25:25.854+0000] {manager.py:755} INFO - Searching for files in /opt/airflow/dags
[2023-11-24T15:25:25.864+0000] {manager.py:758} INFO - There are 0 files in /opt/airflow/dags
[2023-11-24T15:30:26.307+0000] {manager.py:755} INFO - Searching for files in /opt/airflow/dags
[2023-11-24T15:30:26.318+0000] {manager.py:758} INFO - There are 0 files in /opt/airflow/dags
[2023-11-24T15:43:22.892+0000] {manager.py:487} INFO - Processing files using up to 2 processes at a time 
[2023-11-24T15:43:22.894+0000] {manager.py:488} INFO - Process each file at most once every 30 seconds
[2023-11-24T15:43:22.895+0000] {manager.py:489} INFO - Checking for new files in /opt/airflow/dags every 300 seconds
[2023-11-24T15:43:22.896+0000] {manager.py:755} INFO - Searching for files in /opt/airflow/dags
[2023-11-24T15:43:22.899+0000] {manager.py:758} INFO - There are 0 files in /opt/airflow/dags
[2023-11-24T15:48:23.083+0000] {manager.py:755} INFO - Searching for files in /opt/airflow/dags
[2023-11-24T15:48:23.089+0000] {manager.py:758} INFO - There are 0 files in /opt/airflow/dags
[2023-11-24T15:51:21.100+0000] {manager.py:469} INFO - Exiting gracefully upon receiving signal 15
[2023-11-24T15:54:46.222+0000] {manager.py:487} INFO - Processing files using up to 2 processes at a time 
[2023-11-24T15:54:46.224+0000] {manager.py:488} INFO - Process each file at most once every 30 seconds
[2023-11-24T15:54:46.224+0000] {manager.py:489} INFO - Checking for new files in /opt/airflow/dags every 300 seconds
[2023-11-24T15:54:46.225+0000] {manager.py:755} INFO - Searching for files in /opt/airflow/dags
[2023-11-24T15:54:46.228+0000] {manager.py:758} INFO - There are 0 files in /opt/airflow/dags
[2023-11-24T16:01:24.552+0000] {manager.py:755} INFO - Searching for files in /opt/airflow/dags
[2023-11-24T16:01:25.599+0000] {manager.py:487} INFO - Processing files using up to 2 processes at a time 
[2023-11-24T16:01:25.600+0000] {manager.py:488} INFO - Process each file at most once every 30 seconds
[2023-11-24T16:01:25.600+0000] {manager.py:489} INFO - Checking for new files in /opt/airflow/dags every 300 seconds
[2023-11-24T16:01:25.601+0000] {manager.py:755} INFO - Searching for files in /opt/airflow/dags
[2023-11-24T16:01:25.604+0000] {manager.py:758} INFO - There are 0 files in /opt/airflow/dags
[2023-11-24T16:06:51.006+0000] {manager.py:755} INFO - Searching for files in /opt/airflow/dags
[2023-11-24T16:06:51.732+0000] {manager.py:758} INFO - There are 0 files in /opt/airflow/dags
[2023-11-24T16:11:51.032+0000] {manager.py:755} INFO - Searching for files in /opt/airflow/dags
[2023-11-24T16:11:51.040+0000] {manager.py:758} INFO - There are 0 files in /opt/airflow/dags
[2023-11-24T16:16:51.289+0000] {manager.py:755} INFO - Searching for files in /opt/airflow/dags
[2023-11-24T16:16:51.294+0000] {manager.py:758} INFO - There are 0 files in /opt/airflow/dags
[2023-11-24T16:21:51.777+0000] {manager.py:755} INFO - Searching for files in /opt/airflow/dags
[2023-11-24T16:21:51.781+0000] {manager.py:758} INFO - There are 0 files in /opt/airflow/dags
[2023-11-24T16:26:52.020+0000] {manager.py:755} INFO - Searching for files in /opt/airflow/dags
[2023-11-24T16:26:52.025+0000] {manager.py:758} INFO - There are 0 files in /opt/airflow/dags
[2023-11-24T16:28:28.150+0000] {manager.py:469} INFO - Exiting gracefully upon receiving signal 15
[2023-11-24T16:31:33.287+0000] {manager.py:487} INFO - Processing files using up to 2 processes at a time 
[2023-11-24T16:31:33.288+0000] {manager.py:488} INFO - Process each file at most once every 30 seconds
[2023-11-24T16:31:33.288+0000] {manager.py:489} INFO - Checking for new files in /opt/airflow/dags every 300 seconds
[2023-11-24T16:31:33.289+0000] {manager.py:755} INFO - Searching for files in /opt/airflow/dags
[2023-11-24T16:31:33.291+0000] {manager.py:758} INFO - There are 0 files in /opt/airflow/dags
[2023-11-24T16:36:33.582+0000] {manager.py:755} INFO - Searching for files in /opt/airflow/dags
[2023-11-24T16:36:33.593+0000] {manager.py:758} INFO - There are 0 files in /opt/airflow/dags
[2023-11-24T16:41:33.896+0000] {manager.py:755} INFO - Searching for files in /opt/airflow/dags
[2023-11-24T16:41:33.909+0000] {manager.py:758} INFO - There are 0 files in /opt/airflow/dags
[2023-11-24T16:42:09.410+0000] {manager.py:469} INFO - Exiting gracefully upon receiving signal 15
[2023-11-24T16:42:41.998+0000] {manager.py:487} INFO - Processing files using up to 2 processes at a time 
[2023-11-24T16:42:41.998+0000] {manager.py:488} INFO - Process each file at most once every 30 seconds
[2023-11-24T16:42:41.999+0000] {manager.py:489} INFO - Checking for new files in /opt/airflow/dags every 300 seconds
[2023-11-24T16:42:41.999+0000] {manager.py:755} INFO - Searching for files in /opt/airflow/dags
[2023-11-24T16:42:42.001+0000] {manager.py:758} INFO - There are 0 files in /opt/airflow/dags
[2023-11-24T16:47:42.243+0000] {manager.py:755} INFO - Searching for files in /opt/airflow/dags
[2023-11-24T16:47:42.250+0000] {manager.py:758} INFO - There are 0 files in /opt/airflow/dags
[2023-11-24T16:52:42.433+0000] {manager.py:755} INFO - Searching for files in /opt/airflow/dags
[2023-11-24T16:52:42.440+0000] {manager.py:758} INFO - There are 0 files in /opt/airflow/dags
[2023-11-24T16:57:42.642+0000] {manager.py:755} INFO - Searching for files in /opt/airflow/dags
[2023-11-24T16:57:42.648+0000] {manager.py:758} INFO - There are 0 files in /opt/airflow/dags
[2023-11-24T17:02:42.890+0000] {manager.py:755} INFO - Searching for files in /opt/airflow/dags
[2023-11-24T17:02:42.897+0000] {manager.py:758} INFO - There are 0 files in /opt/airflow/dags
[2023-11-24T17:07:43.068+0000] {manager.py:755} INFO - Searching for files in /opt/airflow/dags
[2023-11-24T17:07:43.078+0000] {manager.py:758} INFO - There are 0 files in /opt/airflow/dags
[2023-11-24T17:12:43.269+0000] {manager.py:755} INFO - Searching for files in /opt/airflow/dags
[2023-11-24T17:12:43.275+0000] {manager.py:758} INFO - There are 0 files in /opt/airflow/dags
[2023-11-24T17:17:43.368+0000] {manager.py:755} INFO - Searching for files in /opt/airflow/dags
[2023-11-24T17:17:43.376+0000] {manager.py:758} INFO - There are 0 files in /opt/airflow/dags
[2023-11-24T17:22:43.620+0000] {manager.py:755} INFO - Searching for files in /opt/airflow/dags
[2023-11-24T17:22:43.629+0000] {manager.py:758} INFO - There are 0 files in /opt/airflow/dags
[2023-11-24T17:27:43.812+0000] {manager.py:755} INFO - Searching for files in /opt/airflow/dags
[2023-11-24T17:27:43.840+0000] {manager.py:758} INFO - There are 1 files in /opt/airflow/dags
[2023-11-24T17:28:01.908+0000] {manager.py:887} INFO - 
================================================================================
DAG File Processing Stats

File Path                       PID    Runtime      # DAGs    # Errors  Last Runtime    Last Run
------------------------------  -----  ---------  --------  ----------  --------------  -------------------
/opt/airflow/dags/load_data.py                           1           0  2.84s           2023-11-24T17:27:46
================================================================================
[2023-11-24T17:28:32.329+0000] {manager.py:887} INFO - 
================================================================================
DAG File Processing Stats

File Path                       PID    Runtime      # DAGs    # Errors  Last Runtime    Last Run
------------------------------  -----  ---------  --------  ----------  --------------  -------------------
/opt/airflow/dags/load_data.py                           1           0  0.57s           2023-11-24T17:28:17
================================================================================
[2023-11-24T17:29:02.483+0000] {manager.py:887} INFO - 
================================================================================
DAG File Processing Stats

File Path                       PID    Runtime      # DAGs    # Errors  Last Runtime    Last Run
------------------------------  -----  ---------  --------  ----------  --------------  -------------------
/opt/airflow/dags/load_data.py                           1           0  0.54s           2023-11-24T17:28:48
================================================================================
[2023-11-24T17:29:33.162+0000] {manager.py:887} INFO - 
================================================================================
DAG File Processing Stats

File Path                       PID    Runtime      # DAGs    # Errors  Last Runtime    Last Run
------------------------------  -----  ---------  --------  ----------  --------------  -------------------
/opt/airflow/dags/load_data.py                           1           0  0.61s           2023-11-24T17:29:19
================================================================================
[2023-11-24T17:30:03.554+0000] {manager.py:887} INFO - 
================================================================================
DAG File Processing Stats

File Path                       PID    Runtime      # DAGs    # Errors  Last Runtime    Last Run
------------------------------  -----  ---------  --------  ----------  --------------  -------------------
/opt/airflow/dags/load_data.py                           1           0  0.55s           2023-11-24T17:29:49
================================================================================
[2023-11-24T17:30:33.722+0000] {manager.py:887} INFO - 
================================================================================
DAG File Processing Stats

File Path                       PID    Runtime      # DAGs    # Errors  Last Runtime    Last Run
------------------------------  -----  ---------  --------  ----------  --------------  -------------------
/opt/airflow/dags/load_data.py                           1           0  0.56s           2023-11-24T17:30:20
================================================================================
[2023-11-24T17:31:04.381+0000] {manager.py:887} INFO - 
================================================================================
DAG File Processing Stats

File Path                       PID    Runtime      # DAGs    # Errors  Last Runtime    Last Run
------------------------------  -----  ---------  --------  ----------  --------------  -------------------
/opt/airflow/dags/load_data.py                           1           0  0.56s           2023-11-24T17:30:51
================================================================================
[2023-11-24T17:31:34.733+0000] {manager.py:887} INFO - 
================================================================================
DAG File Processing Stats

File Path                       PID    Runtime      # DAGs    # Errors  Last Runtime    Last Run
------------------------------  -----  ---------  --------  ----------  --------------  -------------------
/opt/airflow/dags/load_data.py                           1           0  0.58s           2023-11-24T17:31:22
================================================================================
[2023-11-24T17:32:04.988+0000] {manager.py:887} INFO - 
================================================================================
DAG File Processing Stats

File Path                       PID    Runtime      # DAGs    # Errors  Last Runtime    Last Run
------------------------------  -----  ---------  --------  ----------  --------------  -------------------
/opt/airflow/dags/load_data.py                           1           0  0.61s           2023-11-24T17:31:52
================================================================================
[2023-11-24T17:32:35.248+0000] {manager.py:887} INFO - 
================================================================================
DAG File Processing Stats

File Path                       PID    Runtime      # DAGs    # Errors  Last Runtime    Last Run
------------------------------  -----  ---------  --------  ----------  --------------  -------------------
/opt/airflow/dags/load_data.py                           1           0  0.56s           2023-11-24T17:32:23
================================================================================
[2023-11-24T17:32:43.861+0000] {manager.py:755} INFO - Searching for files in /opt/airflow/dags
[2023-11-24T17:32:43.869+0000] {manager.py:758} INFO - There are 1 files in /opt/airflow/dags
[2023-11-24T17:33:05.498+0000] {manager.py:887} INFO - 
================================================================================
DAG File Processing Stats

File Path                       PID    Runtime      # DAGs    # Errors  Last Runtime    Last Run
------------------------------  -----  ---------  --------  ----------  --------------  -------------------
/opt/airflow/dags/load_data.py                           1           0  0.54s           2023-11-24T17:32:54
================================================================================
[2023-11-24T17:33:35.787+0000] {manager.py:887} INFO - 
================================================================================
DAG File Processing Stats

File Path                       PID    Runtime      # DAGs    # Errors  Last Runtime    Last Run
------------------------------  -----  ---------  --------  ----------  --------------  -------------------
/opt/airflow/dags/load_data.py                           1           0  0.54s           2023-11-24T17:33:25
================================================================================
[2023-11-24T17:34:06.062+0000] {manager.py:887} INFO - 
================================================================================
DAG File Processing Stats

File Path                       PID    Runtime      # DAGs    # Errors  Last Runtime    Last Run
------------------------------  -----  ---------  --------  ----------  --------------  -------------------
/opt/airflow/dags/load_data.py                           1           0  0.54s           2023-11-24T17:33:56
================================================================================
[2023-11-24T17:34:36.350+0000] {manager.py:887} INFO - 
================================================================================
DAG File Processing Stats

File Path                       PID    Runtime      # DAGs    # Errors  Last Runtime    Last Run
------------------------------  -----  ---------  --------  ----------  --------------  -------------------
/opt/airflow/dags/load_data.py                           1           0  0.55s           2023-11-24T17:34:26
================================================================================
[2023-11-24T17:35:06.595+0000] {manager.py:887} INFO - 
================================================================================
DAG File Processing Stats

File Path                       PID    Runtime      # DAGs    # Errors  Last Runtime    Last Run
------------------------------  -----  ---------  --------  ----------  --------------  -------------------
/opt/airflow/dags/load_data.py                           1           0  0.55s           2023-11-24T17:34:57
================================================================================
[2023-11-24T17:35:36.886+0000] {manager.py:887} INFO - 
================================================================================
DAG File Processing Stats

File Path                       PID    Runtime      # DAGs    # Errors  Last Runtime    Last Run
------------------------------  -----  ---------  --------  ----------  --------------  -------------------
/opt/airflow/dags/load_data.py                           1           0  0.54s           2023-11-24T17:35:28
================================================================================
[2023-11-24T17:36:07.194+0000] {manager.py:887} INFO - 
================================================================================
DAG File Processing Stats

File Path                       PID    Runtime      # DAGs    # Errors  Last Runtime    Last Run
------------------------------  -----  ---------  --------  ----------  --------------  -------------------
/opt/airflow/dags/load_data.py                           1           0  0.74s           2023-11-24T17:35:59
================================================================================
[2023-11-24T17:36:37.380+0000] {manager.py:887} INFO - 
================================================================================
DAG File Processing Stats

File Path                       PID    Runtime      # DAGs    # Errors  Last Runtime    Last Run
------------------------------  -----  ---------  --------  ----------  --------------  -------------------
/opt/airflow/dags/load_data.py                           1           0  0.54s           2023-11-24T17:36:30
================================================================================
[2023-11-24T17:37:08.060+0000] {manager.py:887} INFO - 
================================================================================
DAG File Processing Stats

File Path                       PID    Runtime      # DAGs    # Errors  Last Runtime    Last Run
------------------------------  -----  ---------  --------  ----------  --------------  -------------------
/opt/airflow/dags/load_data.py                           1           0  0.55s           2023-11-24T17:37:01
================================================================================
[2023-11-24T17:37:38.371+0000] {manager.py:887} INFO - 
================================================================================
DAG File Processing Stats

File Path                       PID    Runtime      # DAGs    # Errors  Last Runtime    Last Run
------------------------------  -----  ---------  --------  ----------  --------------  -------------------
/opt/airflow/dags/load_data.py                           1           0  0.54s           2023-11-24T17:37:31
================================================================================
[2023-11-24T17:37:43.904+0000] {manager.py:755} INFO - Searching for files in /opt/airflow/dags
[2023-11-24T17:37:43.911+0000] {manager.py:758} INFO - There are 1 files in /opt/airflow/dags
[2023-11-24T17:38:08.630+0000] {manager.py:887} INFO - 
================================================================================
DAG File Processing Stats

File Path                       PID    Runtime      # DAGs    # Errors  Last Runtime    Last Run
------------------------------  -----  ---------  --------  ----------  --------------  -------------------
/opt/airflow/dags/load_data.py                           1           0  0.58s           2023-11-24T17:38:02
================================================================================
[2023-11-24T17:38:38.939+0000] {manager.py:887} INFO - 
================================================================================
DAG File Processing Stats

File Path                       PID    Runtime      # DAGs    # Errors  Last Runtime    Last Run
------------------------------  -----  ---------  --------  ----------  --------------  -------------------
/opt/airflow/dags/load_data.py                           1           0  0.54s           2023-11-24T17:38:33
================================================================================
[2023-11-24T17:39:09.172+0000] {manager.py:887} INFO - 
================================================================================
DAG File Processing Stats

File Path                       PID    Runtime      # DAGs    # Errors  Last Runtime    Last Run
------------------------------  -----  ---------  --------  ----------  --------------  -------------------
/opt/airflow/dags/load_data.py                           1           0  0.54s           2023-11-24T17:39:04
================================================================================
[2023-11-24T17:39:39.451+0000] {manager.py:887} INFO - 
================================================================================
DAG File Processing Stats

File Path                       PID    Runtime      # DAGs    # Errors  Last Runtime    Last Run
------------------------------  -----  ---------  --------  ----------  --------------  -------------------
/opt/airflow/dags/load_data.py                           1           0  0.56s           2023-11-24T17:39:34
================================================================================
[2023-11-24T17:40:09.674+0000] {manager.py:887} INFO - 
================================================================================
DAG File Processing Stats

File Path                       PID    Runtime      # DAGs    # Errors  Last Runtime    Last Run
------------------------------  -----  ---------  --------  ----------  --------------  -------------------
/opt/airflow/dags/load_data.py                           1           0  0.81s           2023-11-24T17:40:06
================================================================================
[2023-11-24T17:40:39.849+0000] {manager.py:887} INFO - 
================================================================================
DAG File Processing Stats

File Path                       PID    Runtime      # DAGs    # Errors  Last Runtime    Last Run
------------------------------  -----  ---------  --------  ----------  --------------  -------------------
/opt/airflow/dags/load_data.py                           1           0  0.59s           2023-11-24T17:40:36
================================================================================
[2023-11-24T17:41:10.516+0000] {manager.py:887} INFO - 
================================================================================
DAG File Processing Stats

File Path                       PID    Runtime      # DAGs    # Errors  Last Runtime    Last Run
------------------------------  -----  ---------  --------  ----------  --------------  -------------------
/opt/airflow/dags/load_data.py                           1           0  0.57s           2023-11-24T17:41:07
================================================================================
[2023-11-24T17:41:40.590+0000] {manager.py:887} INFO - 
================================================================================
DAG File Processing Stats

File Path                       PID    Runtime      # DAGs    # Errors  Last Runtime    Last Run
------------------------------  -----  ---------  --------  ----------  --------------  -------------------
/opt/airflow/dags/load_data.py                           1           0  0.85s           2023-11-24T17:41:38
================================================================================
[2023-11-24T17:42:11.063+0000] {manager.py:887} INFO - 
================================================================================
DAG File Processing Stats

File Path                       PID    Runtime      # DAGs    # Errors  Last Runtime    Last Run
------------------------------  -----  ---------  --------  ----------  --------------  -------------------
/opt/airflow/dags/load_data.py                           1           0  0.58s           2023-11-24T17:42:09
================================================================================
[2023-11-24T17:42:41.221+0000] {manager.py:887} INFO - 
================================================================================
DAG File Processing Stats

File Path                       PID    Runtime      # DAGs    # Errors  Last Runtime    Last Run
------------------------------  -----  ---------  --------  ----------  --------------  -------------------
/opt/airflow/dags/load_data.py                           1           0  0.58s           2023-11-24T17:42:40
================================================================================
[2023-11-24T17:42:44.243+0000] {manager.py:755} INFO - Searching for files in /opt/airflow/dags
[2023-11-24T17:42:44.251+0000] {manager.py:758} INFO - There are 1 files in /opt/airflow/dags
[2023-11-24T17:43:11.862+0000] {manager.py:887} INFO - 
================================================================================
DAG File Processing Stats

File Path                       PID    Runtime      # DAGs    # Errors  Last Runtime    Last Run
------------------------------  -----  ---------  --------  ----------  --------------  -------------------
/opt/airflow/dags/load_data.py                           1           0  0.60s           2023-11-24T17:43:11
================================================================================
[2023-11-24T17:43:42.246+0000] {manager.py:887} INFO - 
================================================================================
DAG File Processing Stats

File Path                       PID    Runtime      # DAGs    # Errors  Last Runtime    Last Run
------------------------------  -----  ---------  --------  ----------  --------------  -------------------
/opt/airflow/dags/load_data.py                           1           0  0.59s           2023-11-24T17:43:41
================================================================================
[2023-11-24T17:44:12.461+0000] {manager.py:887} INFO - 
================================================================================
DAG File Processing Stats

File Path                         PID  Runtime      # DAGs    # Errors  Last Runtime    Last Run
------------------------------  -----  ---------  --------  ----------  --------------  -------------------
/opt/airflow/dags/load_data.py    831  0.53s             1           0  0.59s           2023-11-24T17:43:41
================================================================================
[2023-11-24T17:44:42.709+0000] {manager.py:887} INFO - 
================================================================================
DAG File Processing Stats

File Path                         PID  Runtime      # DAGs    # Errors  Last Runtime    Last Run
------------------------------  -----  ---------  --------  ----------  --------------  -------------------
/opt/airflow/dags/load_data.py    839  0.01s             1           0  0.55s           2023-11-24T17:44:12
================================================================================
[2023-11-24T17:45:12.934+0000] {manager.py:887} INFO - 
================================================================================
DAG File Processing Stats

File Path                       PID    Runtime      # DAGs    # Errors  Last Runtime    Last Run
------------------------------  -----  ---------  --------  ----------  --------------  -------------------
/opt/airflow/dags/load_data.py                           1           0  0.55s           2023-11-24T17:44:43
================================================================================
[2023-11-24T17:45:43.200+0000] {manager.py:887} INFO - 
================================================================================
DAG File Processing Stats

File Path                       PID    Runtime      # DAGs    # Errors  Last Runtime    Last Run
------------------------------  -----  ---------  --------  ----------  --------------  -------------------
/opt/airflow/dags/load_data.py                           1           0  0.61s           2023-11-24T17:45:14
================================================================================
[2023-11-24T17:46:13.499+0000] {manager.py:887} INFO - 
================================================================================
DAG File Processing Stats

File Path                       PID    Runtime      # DAGs    # Errors  Last Runtime    Last Run
------------------------------  -----  ---------  --------  ----------  --------------  -------------------
/opt/airflow/dags/load_data.py                           1           0  0.60s           2023-11-24T17:45:44
================================================================================
[2023-11-24T17:46:43.730+0000] {manager.py:887} INFO - 
================================================================================
DAG File Processing Stats

File Path                       PID    Runtime      # DAGs    # Errors  Last Runtime    Last Run
------------------------------  -----  ---------  --------  ----------  --------------  -------------------
/opt/airflow/dags/load_data.py                           1           0  0.59s           2023-11-24T17:46:15
================================================================================
[2023-11-24T17:47:14.042+0000] {manager.py:887} INFO - 
================================================================================
DAG File Processing Stats

File Path                       PID    Runtime      # DAGs    # Errors  Last Runtime    Last Run
------------------------------  -----  ---------  --------  ----------  --------------  -------------------
/opt/airflow/dags/load_data.py                           1           0  0.57s           2023-11-24T17:46:46
================================================================================
[2023-11-24T17:47:44.300+0000] {manager.py:755} INFO - Searching for files in /opt/airflow/dags
[2023-11-24T17:47:44.309+0000] {manager.py:758} INFO - There are 1 files in /opt/airflow/dags
[2023-11-24T17:47:44.322+0000] {manager.py:887} INFO - 
================================================================================
DAG File Processing Stats

File Path                       PID    Runtime      # DAGs    # Errors  Last Runtime    Last Run
------------------------------  -----  ---------  --------  ----------  --------------  -------------------
/opt/airflow/dags/load_data.py                           1           0  0.54s           2023-11-24T17:47:17
================================================================================
[2023-11-24T17:48:14.547+0000] {manager.py:887} INFO - 
================================================================================
DAG File Processing Stats

File Path                       PID    Runtime      # DAGs    # Errors  Last Runtime    Last Run
------------------------------  -----  ---------  --------  ----------  --------------  -------------------
/opt/airflow/dags/load_data.py                           1           0  0.59s           2023-11-24T17:47:47
================================================================================
[2023-11-24T17:48:44.792+0000] {manager.py:887} INFO - 
================================================================================
DAG File Processing Stats

File Path                       PID    Runtime      # DAGs    # Errors  Last Runtime    Last Run
------------------------------  -----  ---------  --------  ----------  --------------  -------------------
/opt/airflow/dags/load_data.py                           1           0  0.57s           2023-11-24T17:48:18
================================================================================
[2023-11-24T17:49:15.096+0000] {manager.py:887} INFO - 
================================================================================
DAG File Processing Stats

File Path                       PID    Runtime      # DAGs    # Errors  Last Runtime    Last Run
------------------------------  -----  ---------  --------  ----------  --------------  -------------------
/opt/airflow/dags/load_data.py                           1           0  0.61s           2023-11-24T17:48:49
================================================================================
[2023-11-24T17:49:45.319+0000] {manager.py:887} INFO - 
================================================================================
DAG File Processing Stats

File Path                       PID    Runtime      # DAGs    # Errors  Last Runtime    Last Run
------------------------------  -----  ---------  --------  ----------  --------------  -------------------
/opt/airflow/dags/load_data.py                           1           0  0.58s           2023-11-24T17:49:20
================================================================================
[2023-11-24T17:50:15.591+0000] {manager.py:887} INFO - 
================================================================================
DAG File Processing Stats

File Path                       PID    Runtime      # DAGs    # Errors  Last Runtime    Last Run
------------------------------  -----  ---------  --------  ----------  --------------  -------------------
/opt/airflow/dags/load_data.py                           1           0  0.60s           2023-11-24T17:49:50
================================================================================
[2023-11-24T17:50:45.814+0000] {manager.py:887} INFO - 
================================================================================
DAG File Processing Stats

File Path                       PID    Runtime      # DAGs    # Errors  Last Runtime    Last Run
------------------------------  -----  ---------  --------  ----------  --------------  -------------------
/opt/airflow/dags/load_data.py                           1           0  0.59s           2023-11-24T17:50:21
================================================================================
[2023-11-24T17:51:15.894+0000] {manager.py:887} INFO - 
================================================================================
DAG File Processing Stats

File Path                       PID    Runtime      # DAGs    # Errors  Last Runtime    Last Run
------------------------------  -----  ---------  --------  ----------  --------------  -------------------
/opt/airflow/dags/load_data.py                           1           0  0.85s           2023-11-24T17:50:52
================================================================================
[2023-11-24T17:51:46.362+0000] {manager.py:887} INFO - 
================================================================================
DAG File Processing Stats

File Path                       PID    Runtime      # DAGs    # Errors  Last Runtime    Last Run
------------------------------  -----  ---------  --------  ----------  --------------  -------------------
/opt/airflow/dags/load_data.py                           1           0  0.66s           2023-11-24T17:51:23
================================================================================
[2023-11-24T17:52:16.589+0000] {manager.py:887} INFO - 
================================================================================
DAG File Processing Stats

File Path                       PID    Runtime      # DAGs    # Errors  Last Runtime    Last Run
------------------------------  -----  ---------  --------  ----------  --------------  -------------------
/opt/airflow/dags/load_data.py                           1           0  0.59s           2023-11-24T17:51:54
================================================================================
[2023-11-24T17:52:44.405+0000] {manager.py:755} INFO - Searching for files in /opt/airflow/dags
[2023-11-24T17:52:44.414+0000] {manager.py:758} INFO - There are 1 files in /opt/airflow/dags
[2023-11-24T17:52:46.812+0000] {manager.py:887} INFO - 
================================================================================
DAG File Processing Stats

File Path                       PID    Runtime      # DAGs    # Errors  Last Runtime    Last Run
------------------------------  -----  ---------  --------  ----------  --------------  -------------------
/opt/airflow/dags/load_data.py                           1           0  0.56s           2023-11-24T17:52:25
================================================================================
[2023-11-24T17:53:17.053+0000] {manager.py:887} INFO - 
================================================================================
DAG File Processing Stats

File Path                       PID    Runtime      # DAGs    # Errors  Last Runtime    Last Run
------------------------------  -----  ---------  --------  ----------  --------------  -------------------
/opt/airflow/dags/load_data.py                           0           1  0.09s           2023-11-24T17:53:13
================================================================================
[2023-11-24T17:53:47.313+0000] {manager.py:887} INFO - 
================================================================================
DAG File Processing Stats

File Path                       PID    Runtime      # DAGs    # Errors  Last Runtime    Last Run
------------------------------  -----  ---------  --------  ----------  --------------  -------------------
/opt/airflow/dags/load_data.py                           0           1  0.06s           2023-11-24T17:53:43
================================================================================
[2023-11-24T17:54:17.557+0000] {manager.py:887} INFO - 
================================================================================
DAG File Processing Stats

File Path                       PID    Runtime      # DAGs    # Errors  Last Runtime    Last Run
------------------------------  -----  ---------  --------  ----------  --------------  -------------------
/opt/airflow/dags/load_data.py                           1           0  0.70s           2023-11-24T17:54:01
================================================================================
[2023-11-24T17:54:47.795+0000] {manager.py:887} INFO - 
================================================================================
DAG File Processing Stats

File Path                       PID    Runtime      # DAGs    # Errors  Last Runtime    Last Run
------------------------------  -----  ---------  --------  ----------  --------------  -------------------
/opt/airflow/dags/load_data.py                           1           0  0.81s           2023-11-24T17:54:32
================================================================================
[2023-11-24T17:55:18.021+0000] {manager.py:887} INFO - 
================================================================================
DAG File Processing Stats

File Path                       PID    Runtime      # DAGs    # Errors  Last Runtime    Last Run
------------------------------  -----  ---------  --------  ----------  --------------  -------------------
/opt/airflow/dags/load_data.py                           1           0  0.75s           2023-11-24T17:55:03
================================================================================
[2023-11-24T17:55:48.492+0000] {manager.py:887} INFO - 
================================================================================
DAG File Processing Stats

File Path                       PID    Runtime      # DAGs    # Errors  Last Runtime    Last Run
------------------------------  -----  ---------  --------  ----------  --------------  -------------------
/opt/airflow/dags/load_data.py                           1           0  1.10s           2023-11-24T17:55:34
================================================================================
[2023-11-24T17:56:18.760+0000] {manager.py:887} INFO - 
================================================================================
DAG File Processing Stats

File Path                       PID    Runtime      # DAGs    # Errors  Last Runtime    Last Run
------------------------------  -----  ---------  --------  ----------  --------------  -------------------
/opt/airflow/dags/load_data.py                           1           0  0.64s           2023-11-24T17:56:05
================================================================================
[2023-11-24T17:56:48.985+0000] {manager.py:887} INFO - 
================================================================================
DAG File Processing Stats

File Path                       PID    Runtime      # DAGs    # Errors  Last Runtime    Last Run
------------------------------  -----  ---------  --------  ----------  --------------  -------------------
/opt/airflow/dags/load_data.py                           1           0  0.56s           2023-11-24T17:56:36
================================================================================
[2023-11-24T17:57:19.378+0000] {manager.py:887} INFO - 
================================================================================
DAG File Processing Stats

File Path                       PID    Runtime      # DAGs    # Errors  Last Runtime    Last Run
------------------------------  -----  ---------  --------  ----------  --------------  -------------------
/opt/airflow/dags/load_data.py                           1           0  0.58s           2023-11-24T17:57:06
================================================================================
[2023-11-24T17:57:44.582+0000] {manager.py:755} INFO - Searching for files in /opt/airflow/dags
[2023-11-24T17:57:44.592+0000] {manager.py:758} INFO - There are 1 files in /opt/airflow/dags
[2023-11-24T17:57:49.640+0000] {manager.py:887} INFO - 
================================================================================
DAG File Processing Stats

File Path                       PID    Runtime      # DAGs    # Errors  Last Runtime    Last Run
------------------------------  -----  ---------  --------  ----------  --------------  -------------------
/opt/airflow/dags/load_data.py                           1           0  0.63s           2023-11-24T17:57:37
================================================================================
[2023-11-24T17:58:19.890+0000] {manager.py:887} INFO - 
================================================================================
DAG File Processing Stats

File Path                       PID    Runtime      # DAGs    # Errors  Last Runtime    Last Run
------------------------------  -----  ---------  --------  ----------  --------------  -------------------
/opt/airflow/dags/load_data.py                           1           0  0.55s           2023-11-24T17:58:08
================================================================================
[2023-11-24T17:58:50.165+0000] {manager.py:887} INFO - 
================================================================================
DAG File Processing Stats

File Path                       PID    Runtime      # DAGs    # Errors  Last Runtime    Last Run
------------------------------  -----  ---------  --------  ----------  --------------  -------------------
/opt/airflow/dags/load_data.py                           1           0  0.84s           2023-11-24T17:58:39
================================================================================
[2023-11-24T17:59:20.322+0000] {manager.py:887} INFO - 
================================================================================
DAG File Processing Stats

File Path                       PID    Runtime      # DAGs    # Errors  Last Runtime    Last Run
------------------------------  -----  ---------  --------  ----------  --------------  -------------------
/opt/airflow/dags/load_data.py                           1           0  0.58s           2023-11-24T17:59:10
================================================================================
[2023-11-24T17:59:50.983+0000] {manager.py:887} INFO - 
================================================================================
DAG File Processing Stats

File Path                       PID    Runtime      # DAGs    # Errors  Last Runtime    Last Run
------------------------------  -----  ---------  --------  ----------  --------------  -------------------
/opt/airflow/dags/load_data.py                           1           0  0.57s           2023-11-24T17:59:41
================================================================================
[2023-11-24T18:00:21.318+0000] {manager.py:887} INFO - 
================================================================================
DAG File Processing Stats

File Path                       PID    Runtime      # DAGs    # Errors  Last Runtime    Last Run
------------------------------  -----  ---------  --------  ----------  --------------  -------------------
/opt/airflow/dags/load_data.py                           1           0  0.59s           2023-11-24T18:00:11
================================================================================
