[2023-11-24T17:27:44.044+0000] {processor.py:157} INFO - Started process (PID=568) to work on /opt/airflow/dags/load_data.py
[2023-11-24T17:27:44.046+0000] {processor.py:829} INFO - Processing file /opt/airflow/dags/load_data.py for tasks to queue
[2023-11-24T17:27:44.050+0000] {logging_mixin.py:154} INFO - [2023-11-24T17:27:44.049+0000] {dagbag.py:536} INFO - Filling up the DagBag from /opt/airflow/dags/load_data.py
[2023-11-24T17:27:46.388+0000] {processor.py:839} INFO - DAG(s) dict_keys(['cargar_csv_a_postgres']) retrieved from /opt/airflow/dags/load_data.py
[2023-11-24T17:27:46.705+0000] {logging_mixin.py:154} INFO - [2023-11-24T17:27:46.704+0000] {manager.py:499} INFO - Created Permission View: %s
[2023-11-24T17:27:46.716+0000] {logging_mixin.py:154} INFO - [2023-11-24T17:27:46.716+0000] {manager.py:499} INFO - Created Permission View: %s
[2023-11-24T17:27:46.723+0000] {logging_mixin.py:154} INFO - [2023-11-24T17:27:46.723+0000] {manager.py:499} INFO - Created Permission View: %s
[2023-11-24T17:27:46.724+0000] {logging_mixin.py:154} INFO - [2023-11-24T17:27:46.723+0000] {dag.py:2941} INFO - Sync 1 DAGs
[2023-11-24T17:27:46.736+0000] {logging_mixin.py:154} INFO - [2023-11-24T17:27:46.736+0000] {dag.py:2963} INFO - Creating ORM DAG for cargar_csv_a_postgres
[2023-11-24T17:27:46.747+0000] {logging_mixin.py:154} INFO - [2023-11-24T17:27:46.747+0000] {dag.py:3722} INFO - Setting next_dagrun for cargar_csv_a_postgres to 2023-01-01T00:00:00+00:00, run_after=2023-01-02T00:00:00+00:00
[2023-11-24T17:27:46.768+0000] {processor.py:179} INFO - Processing /opt/airflow/dags/load_data.py took 2.745 seconds
[2023-11-24T17:28:17.037+0000] {processor.py:157} INFO - Started process (PID=576) to work on /opt/airflow/dags/load_data.py
[2023-11-24T17:28:17.038+0000] {processor.py:829} INFO - Processing file /opt/airflow/dags/load_data.py for tasks to queue
[2023-11-24T17:28:17.040+0000] {logging_mixin.py:154} INFO - [2023-11-24T17:28:17.039+0000] {dagbag.py:536} INFO - Filling up the DagBag from /opt/airflow/dags/load_data.py
[2023-11-24T17:28:17.510+0000] {processor.py:839} INFO - DAG(s) dict_keys(['cargar_csv_a_postgres']) retrieved from /opt/airflow/dags/load_data.py
[2023-11-24T17:28:17.534+0000] {logging_mixin.py:154} INFO - [2023-11-24T17:28:17.533+0000] {dag.py:2941} INFO - Sync 1 DAGs
[2023-11-24T17:28:17.558+0000] {logging_mixin.py:154} INFO - [2023-11-24T17:28:17.558+0000] {dag.py:3722} INFO - Setting next_dagrun for cargar_csv_a_postgres to 2023-01-01T00:00:00+00:00, run_after=2023-01-02T00:00:00+00:00
[2023-11-24T17:28:17.578+0000] {processor.py:179} INFO - Processing /opt/airflow/dags/load_data.py took 0.546 seconds
[2023-11-24T17:28:47.822+0000] {processor.py:157} INFO - Started process (PID=584) to work on /opt/airflow/dags/load_data.py
[2023-11-24T17:28:47.823+0000] {processor.py:829} INFO - Processing file /opt/airflow/dags/load_data.py for tasks to queue
[2023-11-24T17:28:47.825+0000] {logging_mixin.py:154} INFO - [2023-11-24T17:28:47.824+0000] {dagbag.py:536} INFO - Filling up the DagBag from /opt/airflow/dags/load_data.py
[2023-11-24T17:28:48.270+0000] {processor.py:839} INFO - DAG(s) dict_keys(['cargar_csv_a_postgres']) retrieved from /opt/airflow/dags/load_data.py
[2023-11-24T17:28:48.295+0000] {logging_mixin.py:154} INFO - [2023-11-24T17:28:48.294+0000] {dag.py:2941} INFO - Sync 1 DAGs
[2023-11-24T17:28:48.316+0000] {logging_mixin.py:154} INFO - [2023-11-24T17:28:48.316+0000] {dag.py:3722} INFO - Setting next_dagrun for cargar_csv_a_postgres to 2023-01-01T00:00:00+00:00, run_after=2023-01-02T00:00:00+00:00
[2023-11-24T17:28:48.336+0000] {processor.py:179} INFO - Processing /opt/airflow/dags/load_data.py took 0.525 seconds
[2023-11-24T17:29:18.636+0000] {processor.py:157} INFO - Started process (PID=592) to work on /opt/airflow/dags/load_data.py
[2023-11-24T17:29:18.638+0000] {processor.py:829} INFO - Processing file /opt/airflow/dags/load_data.py for tasks to queue
[2023-11-24T17:29:18.641+0000] {logging_mixin.py:154} INFO - [2023-11-24T17:29:18.640+0000] {dagbag.py:536} INFO - Filling up the DagBag from /opt/airflow/dags/load_data.py
[2023-11-24T17:29:19.143+0000] {processor.py:839} INFO - DAG(s) dict_keys(['cargar_csv_a_postgres']) retrieved from /opt/airflow/dags/load_data.py
[2023-11-24T17:29:19.172+0000] {logging_mixin.py:154} INFO - [2023-11-24T17:29:19.171+0000] {dag.py:2941} INFO - Sync 1 DAGs
[2023-11-24T17:29:19.198+0000] {logging_mixin.py:154} INFO - [2023-11-24T17:29:19.197+0000] {dag.py:3722} INFO - Setting next_dagrun for cargar_csv_a_postgres to 2023-01-01T00:00:00+00:00, run_after=2023-01-02T00:00:00+00:00
[2023-11-24T17:29:19.220+0000] {processor.py:179} INFO - Processing /opt/airflow/dags/load_data.py took 0.588 seconds
[2023-11-24T17:29:49.322+0000] {processor.py:157} INFO - Started process (PID=600) to work on /opt/airflow/dags/load_data.py
[2023-11-24T17:29:49.324+0000] {processor.py:829} INFO - Processing file /opt/airflow/dags/load_data.py for tasks to queue
[2023-11-24T17:29:49.326+0000] {logging_mixin.py:154} INFO - [2023-11-24T17:29:49.325+0000] {dagbag.py:536} INFO - Filling up the DagBag from /opt/airflow/dags/load_data.py
[2023-11-24T17:29:49.784+0000] {processor.py:839} INFO - DAG(s) dict_keys(['cargar_csv_a_postgres']) retrieved from /opt/airflow/dags/load_data.py
[2023-11-24T17:29:49.807+0000] {logging_mixin.py:154} INFO - [2023-11-24T17:29:49.806+0000] {dag.py:2941} INFO - Sync 1 DAGs
[2023-11-24T17:29:49.828+0000] {logging_mixin.py:154} INFO - [2023-11-24T17:29:49.828+0000] {dag.py:3722} INFO - Setting next_dagrun for cargar_csv_a_postgres to 2023-01-01T00:00:00+00:00, run_after=2023-01-02T00:00:00+00:00
[2023-11-24T17:29:49.847+0000] {processor.py:179} INFO - Processing /opt/airflow/dags/load_data.py took 0.530 seconds
[2023-11-24T17:30:20.076+0000] {processor.py:157} INFO - Started process (PID=608) to work on /opt/airflow/dags/load_data.py
[2023-11-24T17:30:20.077+0000] {processor.py:829} INFO - Processing file /opt/airflow/dags/load_data.py for tasks to queue
[2023-11-24T17:30:20.079+0000] {logging_mixin.py:154} INFO - [2023-11-24T17:30:20.078+0000] {dagbag.py:536} INFO - Filling up the DagBag from /opt/airflow/dags/load_data.py
[2023-11-24T17:30:20.544+0000] {processor.py:839} INFO - DAG(s) dict_keys(['cargar_csv_a_postgres']) retrieved from /opt/airflow/dags/load_data.py
[2023-11-24T17:30:20.568+0000] {logging_mixin.py:154} INFO - [2023-11-24T17:30:20.567+0000] {dag.py:2941} INFO - Sync 1 DAGs
[2023-11-24T17:30:20.590+0000] {logging_mixin.py:154} INFO - [2023-11-24T17:30:20.590+0000] {dag.py:3722} INFO - Setting next_dagrun for cargar_csv_a_postgres to 2023-01-01T00:00:00+00:00, run_after=2023-01-02T00:00:00+00:00
[2023-11-24T17:30:20.612+0000] {processor.py:179} INFO - Processing /opt/airflow/dags/load_data.py took 0.541 seconds
[2023-11-24T17:30:50.888+0000] {processor.py:157} INFO - Started process (PID=616) to work on /opt/airflow/dags/load_data.py
[2023-11-24T17:30:50.889+0000] {processor.py:829} INFO - Processing file /opt/airflow/dags/load_data.py for tasks to queue
[2023-11-24T17:30:50.891+0000] {logging_mixin.py:154} INFO - [2023-11-24T17:30:50.890+0000] {dagbag.py:536} INFO - Filling up the DagBag from /opt/airflow/dags/load_data.py
[2023-11-24T17:30:51.348+0000] {processor.py:839} INFO - DAG(s) dict_keys(['cargar_csv_a_postgres']) retrieved from /opt/airflow/dags/load_data.py
[2023-11-24T17:30:51.373+0000] {logging_mixin.py:154} INFO - [2023-11-24T17:30:51.373+0000] {dag.py:2941} INFO - Sync 1 DAGs
[2023-11-24T17:30:51.398+0000] {logging_mixin.py:154} INFO - [2023-11-24T17:30:51.398+0000] {dag.py:3722} INFO - Setting next_dagrun for cargar_csv_a_postgres to 2023-01-01T00:00:00+00:00, run_after=2023-01-02T00:00:00+00:00
[2023-11-24T17:30:51.425+0000] {processor.py:179} INFO - Processing /opt/airflow/dags/load_data.py took 0.542 seconds
[2023-11-24T17:31:21.549+0000] {processor.py:157} INFO - Started process (PID=624) to work on /opt/airflow/dags/load_data.py
[2023-11-24T17:31:21.550+0000] {processor.py:829} INFO - Processing file /opt/airflow/dags/load_data.py for tasks to queue
[2023-11-24T17:31:21.551+0000] {logging_mixin.py:154} INFO - [2023-11-24T17:31:21.551+0000] {dagbag.py:536} INFO - Filling up the DagBag from /opt/airflow/dags/load_data.py
[2023-11-24T17:31:22.008+0000] {processor.py:839} INFO - DAG(s) dict_keys(['cargar_csv_a_postgres']) retrieved from /opt/airflow/dags/load_data.py
[2023-11-24T17:31:22.032+0000] {logging_mixin.py:154} INFO - [2023-11-24T17:31:22.031+0000] {dag.py:2941} INFO - Sync 1 DAGs
[2023-11-24T17:31:22.057+0000] {logging_mixin.py:154} INFO - [2023-11-24T17:31:22.057+0000] {dag.py:3722} INFO - Setting next_dagrun for cargar_csv_a_postgres to 2023-01-01T00:00:00+00:00, run_after=2023-01-02T00:00:00+00:00
[2023-11-24T17:31:22.100+0000] {processor.py:179} INFO - Processing /opt/airflow/dags/load_data.py took 0.557 seconds
[2023-11-24T17:31:52.348+0000] {processor.py:157} INFO - Started process (PID=632) to work on /opt/airflow/dags/load_data.py
[2023-11-24T17:31:52.350+0000] {processor.py:829} INFO - Processing file /opt/airflow/dags/load_data.py for tasks to queue
[2023-11-24T17:31:52.351+0000] {logging_mixin.py:154} INFO - [2023-11-24T17:31:52.351+0000] {dagbag.py:536} INFO - Filling up the DagBag from /opt/airflow/dags/load_data.py
[2023-11-24T17:31:52.863+0000] {processor.py:839} INFO - DAG(s) dict_keys(['cargar_csv_a_postgres']) retrieved from /opt/airflow/dags/load_data.py
[2023-11-24T17:31:52.893+0000] {logging_mixin.py:154} INFO - [2023-11-24T17:31:52.892+0000] {dag.py:2941} INFO - Sync 1 DAGs
[2023-11-24T17:31:52.919+0000] {logging_mixin.py:154} INFO - [2023-11-24T17:31:52.919+0000] {dag.py:3722} INFO - Setting next_dagrun for cargar_csv_a_postgres to 2023-01-01T00:00:00+00:00, run_after=2023-01-02T00:00:00+00:00
[2023-11-24T17:31:52.939+0000] {processor.py:179} INFO - Processing /opt/airflow/dags/load_data.py took 0.595 seconds
[2023-11-24T17:32:23.156+0000] {processor.py:157} INFO - Started process (PID=640) to work on /opt/airflow/dags/load_data.py
[2023-11-24T17:32:23.158+0000] {processor.py:829} INFO - Processing file /opt/airflow/dags/load_data.py for tasks to queue
[2023-11-24T17:32:23.159+0000] {logging_mixin.py:154} INFO - [2023-11-24T17:32:23.159+0000] {dagbag.py:536} INFO - Filling up the DagBag from /opt/airflow/dags/load_data.py
[2023-11-24T17:32:23.624+0000] {processor.py:839} INFO - DAG(s) dict_keys(['cargar_csv_a_postgres']) retrieved from /opt/airflow/dags/load_data.py
[2023-11-24T17:32:23.649+0000] {logging_mixin.py:154} INFO - [2023-11-24T17:32:23.648+0000] {dag.py:2941} INFO - Sync 1 DAGs
[2023-11-24T17:32:23.670+0000] {logging_mixin.py:154} INFO - [2023-11-24T17:32:23.670+0000] {dag.py:3722} INFO - Setting next_dagrun for cargar_csv_a_postgres to 2023-01-01T00:00:00+00:00, run_after=2023-01-02T00:00:00+00:00
[2023-11-24T17:32:23.688+0000] {processor.py:179} INFO - Processing /opt/airflow/dags/load_data.py took 0.536 seconds
[2023-11-24T17:32:53.986+0000] {processor.py:157} INFO - Started process (PID=648) to work on /opt/airflow/dags/load_data.py
[2023-11-24T17:32:53.988+0000] {processor.py:829} INFO - Processing file /opt/airflow/dags/load_data.py for tasks to queue
[2023-11-24T17:32:53.989+0000] {logging_mixin.py:154} INFO - [2023-11-24T17:32:53.989+0000] {dagbag.py:536} INFO - Filling up the DagBag from /opt/airflow/dags/load_data.py
[2023-11-24T17:32:54.436+0000] {processor.py:839} INFO - DAG(s) dict_keys(['cargar_csv_a_postgres']) retrieved from /opt/airflow/dags/load_data.py
[2023-11-24T17:32:54.459+0000] {logging_mixin.py:154} INFO - [2023-11-24T17:32:54.458+0000] {dag.py:2941} INFO - Sync 1 DAGs
[2023-11-24T17:32:54.480+0000] {logging_mixin.py:154} INFO - [2023-11-24T17:32:54.480+0000] {dag.py:3722} INFO - Setting next_dagrun for cargar_csv_a_postgres to 2023-01-01T00:00:00+00:00, run_after=2023-01-02T00:00:00+00:00
[2023-11-24T17:32:54.500+0000] {processor.py:179} INFO - Processing /opt/airflow/dags/load_data.py took 0.519 seconds
[2023-11-24T17:33:24.670+0000] {processor.py:157} INFO - Started process (PID=656) to work on /opt/airflow/dags/load_data.py
[2023-11-24T17:33:24.671+0000] {processor.py:829} INFO - Processing file /opt/airflow/dags/load_data.py for tasks to queue
[2023-11-24T17:33:24.673+0000] {logging_mixin.py:154} INFO - [2023-11-24T17:33:24.672+0000] {dagbag.py:536} INFO - Filling up the DagBag from /opt/airflow/dags/load_data.py
[2023-11-24T17:33:25.119+0000] {processor.py:839} INFO - DAG(s) dict_keys(['cargar_csv_a_postgres']) retrieved from /opt/airflow/dags/load_data.py
[2023-11-24T17:33:25.144+0000] {logging_mixin.py:154} INFO - [2023-11-24T17:33:25.143+0000] {dag.py:2941} INFO - Sync 1 DAGs
[2023-11-24T17:33:25.165+0000] {logging_mixin.py:154} INFO - [2023-11-24T17:33:25.165+0000] {dag.py:3722} INFO - Setting next_dagrun for cargar_csv_a_postgres to 2023-01-01T00:00:00+00:00, run_after=2023-01-02T00:00:00+00:00
[2023-11-24T17:33:25.185+0000] {processor.py:179} INFO - Processing /opt/airflow/dags/load_data.py took 0.520 seconds
[2023-11-24T17:33:55.502+0000] {processor.py:157} INFO - Started process (PID=664) to work on /opt/airflow/dags/load_data.py
[2023-11-24T17:33:55.503+0000] {processor.py:829} INFO - Processing file /opt/airflow/dags/load_data.py for tasks to queue
[2023-11-24T17:33:55.505+0000] {logging_mixin.py:154} INFO - [2023-11-24T17:33:55.504+0000] {dagbag.py:536} INFO - Filling up the DagBag from /opt/airflow/dags/load_data.py
[2023-11-24T17:33:55.948+0000] {processor.py:839} INFO - DAG(s) dict_keys(['cargar_csv_a_postgres']) retrieved from /opt/airflow/dags/load_data.py
[2023-11-24T17:33:55.972+0000] {logging_mixin.py:154} INFO - [2023-11-24T17:33:55.971+0000] {dag.py:2941} INFO - Sync 1 DAGs
[2023-11-24T17:33:55.994+0000] {logging_mixin.py:154} INFO - [2023-11-24T17:33:55.994+0000] {dag.py:3722} INFO - Setting next_dagrun for cargar_csv_a_postgres to 2023-01-01T00:00:00+00:00, run_after=2023-01-02T00:00:00+00:00
[2023-11-24T17:33:56.013+0000] {processor.py:179} INFO - Processing /opt/airflow/dags/load_data.py took 0.516 seconds
[2023-11-24T17:34:26.274+0000] {processor.py:157} INFO - Started process (PID=672) to work on /opt/airflow/dags/load_data.py
[2023-11-24T17:34:26.276+0000] {processor.py:829} INFO - Processing file /opt/airflow/dags/load_data.py for tasks to queue
[2023-11-24T17:34:26.277+0000] {logging_mixin.py:154} INFO - [2023-11-24T17:34:26.277+0000] {dagbag.py:536} INFO - Filling up the DagBag from /opt/airflow/dags/load_data.py
[2023-11-24T17:34:26.737+0000] {processor.py:839} INFO - DAG(s) dict_keys(['cargar_csv_a_postgres']) retrieved from /opt/airflow/dags/load_data.py
[2023-11-24T17:34:26.760+0000] {logging_mixin.py:154} INFO - [2023-11-24T17:34:26.760+0000] {dag.py:2941} INFO - Sync 1 DAGs
[2023-11-24T17:34:26.782+0000] {logging_mixin.py:154} INFO - [2023-11-24T17:34:26.782+0000] {dag.py:3722} INFO - Setting next_dagrun for cargar_csv_a_postgres to 2023-01-01T00:00:00+00:00, run_after=2023-01-02T00:00:00+00:00
[2023-11-24T17:34:26.800+0000] {processor.py:179} INFO - Processing /opt/airflow/dags/load_data.py took 0.531 seconds
[2023-11-24T17:34:57.053+0000] {processor.py:157} INFO - Started process (PID=681) to work on /opt/airflow/dags/load_data.py
[2023-11-24T17:34:57.055+0000] {processor.py:829} INFO - Processing file /opt/airflow/dags/load_data.py for tasks to queue
[2023-11-24T17:34:57.056+0000] {logging_mixin.py:154} INFO - [2023-11-24T17:34:57.056+0000] {dagbag.py:536} INFO - Filling up the DagBag from /opt/airflow/dags/load_data.py
[2023-11-24T17:34:57.512+0000] {processor.py:839} INFO - DAG(s) dict_keys(['cargar_csv_a_postgres']) retrieved from /opt/airflow/dags/load_data.py
[2023-11-24T17:34:57.536+0000] {logging_mixin.py:154} INFO - [2023-11-24T17:34:57.536+0000] {dag.py:2941} INFO - Sync 1 DAGs
[2023-11-24T17:34:57.558+0000] {logging_mixin.py:154} INFO - [2023-11-24T17:34:57.558+0000] {dag.py:3722} INFO - Setting next_dagrun for cargar_csv_a_postgres to 2023-01-01T00:00:00+00:00, run_after=2023-01-02T00:00:00+00:00
[2023-11-24T17:34:57.577+0000] {processor.py:179} INFO - Processing /opt/airflow/dags/load_data.py took 0.529 seconds
[2023-11-24T17:35:27.813+0000] {processor.py:157} INFO - Started process (PID=689) to work on /opt/airflow/dags/load_data.py
[2023-11-24T17:35:27.814+0000] {processor.py:829} INFO - Processing file /opt/airflow/dags/load_data.py for tasks to queue
[2023-11-24T17:35:27.816+0000] {logging_mixin.py:154} INFO - [2023-11-24T17:35:27.815+0000] {dagbag.py:536} INFO - Filling up the DagBag from /opt/airflow/dags/load_data.py
[2023-11-24T17:35:28.262+0000] {processor.py:839} INFO - DAG(s) dict_keys(['cargar_csv_a_postgres']) retrieved from /opt/airflow/dags/load_data.py
[2023-11-24T17:35:28.285+0000] {logging_mixin.py:154} INFO - [2023-11-24T17:35:28.285+0000] {dag.py:2941} INFO - Sync 1 DAGs
[2023-11-24T17:35:28.306+0000] {logging_mixin.py:154} INFO - [2023-11-24T17:35:28.306+0000] {dag.py:3722} INFO - Setting next_dagrun for cargar_csv_a_postgres to 2023-01-01T00:00:00+00:00, run_after=2023-01-02T00:00:00+00:00
[2023-11-24T17:35:28.326+0000] {processor.py:179} INFO - Processing /opt/airflow/dags/load_data.py took 0.517 seconds
[2023-11-24T17:35:58.941+0000] {processor.py:157} INFO - Started process (PID=697) to work on /opt/airflow/dags/load_data.py
[2023-11-24T17:35:58.944+0000] {processor.py:829} INFO - Processing file /opt/airflow/dags/load_data.py for tasks to queue
[2023-11-24T17:35:58.947+0000] {logging_mixin.py:154} INFO - [2023-11-24T17:35:58.946+0000] {dagbag.py:536} INFO - Filling up the DagBag from /opt/airflow/dags/load_data.py
[2023-11-24T17:35:59.543+0000] {processor.py:839} INFO - DAG(s) dict_keys(['cargar_csv_a_postgres']) retrieved from /opt/airflow/dags/load_data.py
[2023-11-24T17:35:59.576+0000] {logging_mixin.py:154} INFO - [2023-11-24T17:35:59.575+0000] {dag.py:2941} INFO - Sync 1 DAGs
[2023-11-24T17:35:59.606+0000] {logging_mixin.py:154} INFO - [2023-11-24T17:35:59.606+0000] {dag.py:3722} INFO - Setting next_dagrun for cargar_csv_a_postgres to 2023-01-01T00:00:00+00:00, run_after=2023-01-02T00:00:00+00:00
[2023-11-24T17:35:59.630+0000] {processor.py:179} INFO - Processing /opt/airflow/dags/load_data.py took 0.698 seconds
[2023-11-24T17:36:29.799+0000] {processor.py:157} INFO - Started process (PID=705) to work on /opt/airflow/dags/load_data.py
[2023-11-24T17:36:29.800+0000] {processor.py:829} INFO - Processing file /opt/airflow/dags/load_data.py for tasks to queue
[2023-11-24T17:36:29.802+0000] {logging_mixin.py:154} INFO - [2023-11-24T17:36:29.801+0000] {dagbag.py:536} INFO - Filling up the DagBag from /opt/airflow/dags/load_data.py
[2023-11-24T17:36:30.253+0000] {processor.py:839} INFO - DAG(s) dict_keys(['cargar_csv_a_postgres']) retrieved from /opt/airflow/dags/load_data.py
[2023-11-24T17:36:30.276+0000] {logging_mixin.py:154} INFO - [2023-11-24T17:36:30.275+0000] {dag.py:2941} INFO - Sync 1 DAGs
[2023-11-24T17:36:30.298+0000] {logging_mixin.py:154} INFO - [2023-11-24T17:36:30.297+0000] {dag.py:3722} INFO - Setting next_dagrun for cargar_csv_a_postgres to 2023-01-01T00:00:00+00:00, run_after=2023-01-02T00:00:00+00:00
[2023-11-24T17:36:30.318+0000] {processor.py:179} INFO - Processing /opt/airflow/dags/load_data.py took 0.524 seconds
[2023-11-24T17:37:00.567+0000] {processor.py:157} INFO - Started process (PID=713) to work on /opt/airflow/dags/load_data.py
[2023-11-24T17:37:00.569+0000] {processor.py:829} INFO - Processing file /opt/airflow/dags/load_data.py for tasks to queue
[2023-11-24T17:37:00.570+0000] {logging_mixin.py:154} INFO - [2023-11-24T17:37:00.570+0000] {dagbag.py:536} INFO - Filling up the DagBag from /opt/airflow/dags/load_data.py
[2023-11-24T17:37:01.025+0000] {processor.py:839} INFO - DAG(s) dict_keys(['cargar_csv_a_postgres']) retrieved from /opt/airflow/dags/load_data.py
[2023-11-24T17:37:01.048+0000] {logging_mixin.py:154} INFO - [2023-11-24T17:37:01.048+0000] {dag.py:2941} INFO - Sync 1 DAGs
[2023-11-24T17:37:01.074+0000] {logging_mixin.py:154} INFO - [2023-11-24T17:37:01.074+0000] {dag.py:3722} INFO - Setting next_dagrun for cargar_csv_a_postgres to 2023-01-01T00:00:00+00:00, run_after=2023-01-02T00:00:00+00:00
[2023-11-24T17:37:01.094+0000] {processor.py:179} INFO - Processing /opt/airflow/dags/load_data.py took 0.532 seconds
[2023-11-24T17:37:31.278+0000] {processor.py:157} INFO - Started process (PID=721) to work on /opt/airflow/dags/load_data.py
[2023-11-24T17:37:31.280+0000] {processor.py:829} INFO - Processing file /opt/airflow/dags/load_data.py for tasks to queue
[2023-11-24T17:37:31.282+0000] {logging_mixin.py:154} INFO - [2023-11-24T17:37:31.281+0000] {dagbag.py:536} INFO - Filling up the DagBag from /opt/airflow/dags/load_data.py
[2023-11-24T17:37:31.733+0000] {processor.py:839} INFO - DAG(s) dict_keys(['cargar_csv_a_postgres']) retrieved from /opt/airflow/dags/load_data.py
[2023-11-24T17:37:31.759+0000] {logging_mixin.py:154} INFO - [2023-11-24T17:37:31.758+0000] {dag.py:2941} INFO - Sync 1 DAGs
[2023-11-24T17:37:31.781+0000] {logging_mixin.py:154} INFO - [2023-11-24T17:37:31.780+0000] {dag.py:3722} INFO - Setting next_dagrun for cargar_csv_a_postgres to 2023-01-01T00:00:00+00:00, run_after=2023-01-02T00:00:00+00:00
[2023-11-24T17:37:31.800+0000] {processor.py:179} INFO - Processing /opt/airflow/dags/load_data.py took 0.526 seconds
[2023-11-24T17:38:02.098+0000] {processor.py:157} INFO - Started process (PID=729) to work on /opt/airflow/dags/load_data.py
[2023-11-24T17:38:02.101+0000] {processor.py:829} INFO - Processing file /opt/airflow/dags/load_data.py for tasks to queue
[2023-11-24T17:38:02.103+0000] {logging_mixin.py:154} INFO - [2023-11-24T17:38:02.102+0000] {dagbag.py:536} INFO - Filling up the DagBag from /opt/airflow/dags/load_data.py
[2023-11-24T17:38:02.580+0000] {processor.py:839} INFO - DAG(s) dict_keys(['cargar_csv_a_postgres']) retrieved from /opt/airflow/dags/load_data.py
[2023-11-24T17:38:02.606+0000] {logging_mixin.py:154} INFO - [2023-11-24T17:38:02.606+0000] {dag.py:2941} INFO - Sync 1 DAGs
[2023-11-24T17:38:02.628+0000] {logging_mixin.py:154} INFO - [2023-11-24T17:38:02.627+0000] {dag.py:3722} INFO - Setting next_dagrun for cargar_csv_a_postgres to 2023-01-01T00:00:00+00:00, run_after=2023-01-02T00:00:00+00:00
[2023-11-24T17:38:02.649+0000] {processor.py:179} INFO - Processing /opt/airflow/dags/load_data.py took 0.555 seconds
[2023-11-24T17:38:32.883+0000] {processor.py:157} INFO - Started process (PID=737) to work on /opt/airflow/dags/load_data.py
[2023-11-24T17:38:32.885+0000] {processor.py:829} INFO - Processing file /opt/airflow/dags/load_data.py for tasks to queue
[2023-11-24T17:38:32.886+0000] {logging_mixin.py:154} INFO - [2023-11-24T17:38:32.886+0000] {dagbag.py:536} INFO - Filling up the DagBag from /opt/airflow/dags/load_data.py
[2023-11-24T17:38:33.330+0000] {processor.py:839} INFO - DAG(s) dict_keys(['cargar_csv_a_postgres']) retrieved from /opt/airflow/dags/load_data.py
[2023-11-24T17:38:33.353+0000] {logging_mixin.py:154} INFO - [2023-11-24T17:38:33.352+0000] {dag.py:2941} INFO - Sync 1 DAGs
[2023-11-24T17:38:33.374+0000] {logging_mixin.py:154} INFO - [2023-11-24T17:38:33.374+0000] {dag.py:3722} INFO - Setting next_dagrun for cargar_csv_a_postgres to 2023-01-01T00:00:00+00:00, run_after=2023-01-02T00:00:00+00:00
[2023-11-24T17:38:33.393+0000] {processor.py:179} INFO - Processing /opt/airflow/dags/load_data.py took 0.514 seconds
[2023-11-24T17:39:03.673+0000] {processor.py:157} INFO - Started process (PID=745) to work on /opt/airflow/dags/load_data.py
[2023-11-24T17:39:03.675+0000] {processor.py:829} INFO - Processing file /opt/airflow/dags/load_data.py for tasks to queue
[2023-11-24T17:39:03.676+0000] {logging_mixin.py:154} INFO - [2023-11-24T17:39:03.676+0000] {dagbag.py:536} INFO - Filling up the DagBag from /opt/airflow/dags/load_data.py
[2023-11-24T17:39:04.122+0000] {processor.py:839} INFO - DAG(s) dict_keys(['cargar_csv_a_postgres']) retrieved from /opt/airflow/dags/load_data.py
[2023-11-24T17:39:04.144+0000] {logging_mixin.py:154} INFO - [2023-11-24T17:39:04.144+0000] {dag.py:2941} INFO - Sync 1 DAGs
[2023-11-24T17:39:04.166+0000] {logging_mixin.py:154} INFO - [2023-11-24T17:39:04.165+0000] {dag.py:3722} INFO - Setting next_dagrun for cargar_csv_a_postgres to 2023-01-01T00:00:00+00:00, run_after=2023-01-02T00:00:00+00:00
[2023-11-24T17:39:04.186+0000] {processor.py:179} INFO - Processing /opt/airflow/dags/load_data.py took 0.517 seconds
[2023-11-24T17:39:34.411+0000] {processor.py:157} INFO - Started process (PID=753) to work on /opt/airflow/dags/load_data.py
[2023-11-24T17:39:34.413+0000] {processor.py:829} INFO - Processing file /opt/airflow/dags/load_data.py for tasks to queue
[2023-11-24T17:39:34.415+0000] {logging_mixin.py:154} INFO - [2023-11-24T17:39:34.414+0000] {dagbag.py:536} INFO - Filling up the DagBag from /opt/airflow/dags/load_data.py
[2023-11-24T17:39:34.886+0000] {processor.py:839} INFO - DAG(s) dict_keys(['cargar_csv_a_postgres']) retrieved from /opt/airflow/dags/load_data.py
[2023-11-24T17:39:34.909+0000] {logging_mixin.py:154} INFO - [2023-11-24T17:39:34.909+0000] {dag.py:2941} INFO - Sync 1 DAGs
[2023-11-24T17:39:34.933+0000] {logging_mixin.py:154} INFO - [2023-11-24T17:39:34.933+0000] {dag.py:3722} INFO - Setting next_dagrun for cargar_csv_a_postgres to 2023-01-01T00:00:00+00:00, run_after=2023-01-02T00:00:00+00:00
[2023-11-24T17:39:34.952+0000] {processor.py:179} INFO - Processing /opt/airflow/dags/load_data.py took 0.546 seconds
[2023-11-24T17:40:05.228+0000] {processor.py:157} INFO - Started process (PID=761) to work on /opt/airflow/dags/load_data.py
[2023-11-24T17:40:05.229+0000] {processor.py:829} INFO - Processing file /opt/airflow/dags/load_data.py for tasks to queue
[2023-11-24T17:40:05.230+0000] {logging_mixin.py:154} INFO - [2023-11-24T17:40:05.230+0000] {dagbag.py:536} INFO - Filling up the DagBag from /opt/airflow/dags/load_data.py
[2023-11-24T17:40:05.850+0000] {processor.py:839} INFO - DAG(s) dict_keys(['cargar_csv_a_postgres']) retrieved from /opt/airflow/dags/load_data.py
[2023-11-24T17:40:05.883+0000] {logging_mixin.py:154} INFO - [2023-11-24T17:40:05.883+0000] {dag.py:2941} INFO - Sync 1 DAGs
[2023-11-24T17:40:05.931+0000] {logging_mixin.py:154} INFO - [2023-11-24T17:40:05.931+0000] {dag.py:3722} INFO - Setting next_dagrun for cargar_csv_a_postgres to 2023-01-01T00:00:00+00:00, run_after=2023-01-02T00:00:00+00:00
[2023-11-24T17:40:06.010+0000] {processor.py:179} INFO - Processing /opt/airflow/dags/load_data.py took 0.786 seconds
[2023-11-24T17:40:36.255+0000] {processor.py:157} INFO - Started process (PID=769) to work on /opt/airflow/dags/load_data.py
[2023-11-24T17:40:36.257+0000] {processor.py:829} INFO - Processing file /opt/airflow/dags/load_data.py for tasks to queue
[2023-11-24T17:40:36.258+0000] {logging_mixin.py:154} INFO - [2023-11-24T17:40:36.258+0000] {dagbag.py:536} INFO - Filling up the DagBag from /opt/airflow/dags/load_data.py
[2023-11-24T17:40:36.736+0000] {processor.py:839} INFO - DAG(s) dict_keys(['cargar_csv_a_postgres']) retrieved from /opt/airflow/dags/load_data.py
[2023-11-24T17:40:36.766+0000] {logging_mixin.py:154} INFO - [2023-11-24T17:40:36.764+0000] {dag.py:2941} INFO - Sync 1 DAGs
[2023-11-24T17:40:36.788+0000] {logging_mixin.py:154} INFO - [2023-11-24T17:40:36.787+0000] {dag.py:3722} INFO - Setting next_dagrun for cargar_csv_a_postgres to 2023-01-01T00:00:00+00:00, run_after=2023-01-02T00:00:00+00:00
[2023-11-24T17:40:36.807+0000] {processor.py:179} INFO - Processing /opt/airflow/dags/load_data.py took 0.557 seconds
[2023-11-24T17:41:07.068+0000] {processor.py:157} INFO - Started process (PID=783) to work on /opt/airflow/dags/load_data.py
[2023-11-24T17:41:07.070+0000] {processor.py:829} INFO - Processing file /opt/airflow/dags/load_data.py for tasks to queue
[2023-11-24T17:41:07.071+0000] {logging_mixin.py:154} INFO - [2023-11-24T17:41:07.071+0000] {dagbag.py:536} INFO - Filling up the DagBag from /opt/airflow/dags/load_data.py
[2023-11-24T17:41:07.558+0000] {processor.py:839} INFO - DAG(s) dict_keys(['cargar_csv_a_postgres']) retrieved from /opt/airflow/dags/load_data.py
[2023-11-24T17:41:07.581+0000] {logging_mixin.py:154} INFO - [2023-11-24T17:41:07.581+0000] {dag.py:2941} INFO - Sync 1 DAGs
[2023-11-24T17:41:07.603+0000] {logging_mixin.py:154} INFO - [2023-11-24T17:41:07.603+0000] {dag.py:3722} INFO - Setting next_dagrun for cargar_csv_a_postgres to 2023-01-01T00:00:00+00:00, run_after=2023-01-02T00:00:00+00:00
[2023-11-24T17:41:07.623+0000] {processor.py:179} INFO - Processing /opt/airflow/dags/load_data.py took 0.558 seconds
[2023-11-24T17:41:37.756+0000] {processor.py:157} INFO - Started process (PID=791) to work on /opt/airflow/dags/load_data.py
[2023-11-24T17:41:37.780+0000] {processor.py:829} INFO - Processing file /opt/airflow/dags/load_data.py for tasks to queue
[2023-11-24T17:41:37.783+0000] {logging_mixin.py:154} INFO - [2023-11-24T17:41:37.782+0000] {dagbag.py:536} INFO - Filling up the DagBag from /opt/airflow/dags/load_data.py
[2023-11-24T17:41:38.484+0000] {processor.py:839} INFO - DAG(s) dict_keys(['cargar_csv_a_postgres']) retrieved from /opt/airflow/dags/load_data.py
[2023-11-24T17:41:38.511+0000] {logging_mixin.py:154} INFO - [2023-11-24T17:41:38.510+0000] {dag.py:2941} INFO - Sync 1 DAGs
[2023-11-24T17:41:38.537+0000] {logging_mixin.py:154} INFO - [2023-11-24T17:41:38.536+0000] {dag.py:3722} INFO - Setting next_dagrun for cargar_csv_a_postgres to 2023-01-01T00:00:00+00:00, run_after=2023-01-02T00:00:00+00:00
[2023-11-24T17:41:38.557+0000] {processor.py:179} INFO - Processing /opt/airflow/dags/load_data.py took 0.816 seconds
[2023-11-24T17:42:08.865+0000] {processor.py:157} INFO - Started process (PID=799) to work on /opt/airflow/dags/load_data.py
[2023-11-24T17:42:08.867+0000] {processor.py:829} INFO - Processing file /opt/airflow/dags/load_data.py for tasks to queue
[2023-11-24T17:42:08.869+0000] {logging_mixin.py:154} INFO - [2023-11-24T17:42:08.868+0000] {dagbag.py:536} INFO - Filling up the DagBag from /opt/airflow/dags/load_data.py
[2023-11-24T17:42:09.346+0000] {processor.py:839} INFO - DAG(s) dict_keys(['cargar_csv_a_postgres']) retrieved from /opt/airflow/dags/load_data.py
[2023-11-24T17:42:09.373+0000] {logging_mixin.py:154} INFO - [2023-11-24T17:42:09.372+0000] {dag.py:2941} INFO - Sync 1 DAGs
[2023-11-24T17:42:09.394+0000] {logging_mixin.py:154} INFO - [2023-11-24T17:42:09.394+0000] {dag.py:3722} INFO - Setting next_dagrun for cargar_csv_a_postgres to 2023-01-01T00:00:00+00:00, run_after=2023-01-02T00:00:00+00:00
[2023-11-24T17:42:09.415+0000] {processor.py:179} INFO - Processing /opt/airflow/dags/load_data.py took 0.555 seconds
[2023-11-24T17:42:39.646+0000] {processor.py:157} INFO - Started process (PID=807) to work on /opt/airflow/dags/load_data.py
[2023-11-24T17:42:39.648+0000] {processor.py:829} INFO - Processing file /opt/airflow/dags/load_data.py for tasks to queue
[2023-11-24T17:42:39.649+0000] {logging_mixin.py:154} INFO - [2023-11-24T17:42:39.649+0000] {dagbag.py:536} INFO - Filling up the DagBag from /opt/airflow/dags/load_data.py
[2023-11-24T17:42:40.120+0000] {processor.py:839} INFO - DAG(s) dict_keys(['cargar_csv_a_postgres']) retrieved from /opt/airflow/dags/load_data.py
[2023-11-24T17:42:40.145+0000] {logging_mixin.py:154} INFO - [2023-11-24T17:42:40.145+0000] {dag.py:2941} INFO - Sync 1 DAGs
[2023-11-24T17:42:40.168+0000] {logging_mixin.py:154} INFO - [2023-11-24T17:42:40.168+0000] {dag.py:3722} INFO - Setting next_dagrun for cargar_csv_a_postgres to 2023-01-01T00:00:00+00:00, run_after=2023-01-02T00:00:00+00:00
[2023-11-24T17:42:40.190+0000] {processor.py:179} INFO - Processing /opt/airflow/dags/load_data.py took 0.549 seconds
[2023-11-24T17:43:10.481+0000] {processor.py:157} INFO - Started process (PID=815) to work on /opt/airflow/dags/load_data.py
[2023-11-24T17:43:10.483+0000] {processor.py:829} INFO - Processing file /opt/airflow/dags/load_data.py for tasks to queue
[2023-11-24T17:43:10.484+0000] {logging_mixin.py:154} INFO - [2023-11-24T17:43:10.484+0000] {dagbag.py:536} INFO - Filling up the DagBag from /opt/airflow/dags/load_data.py
[2023-11-24T17:43:10.975+0000] {processor.py:839} INFO - DAG(s) dict_keys(['cargar_csv_a_postgres']) retrieved from /opt/airflow/dags/load_data.py
[2023-11-24T17:43:11.014+0000] {logging_mixin.py:154} INFO - [2023-11-24T17:43:11.013+0000] {dag.py:2941} INFO - Sync 1 DAGs
[2023-11-24T17:43:11.039+0000] {logging_mixin.py:154} INFO - [2023-11-24T17:43:11.039+0000] {dag.py:3722} INFO - Setting next_dagrun for cargar_csv_a_postgres to 2023-01-01T00:00:00+00:00, run_after=2023-01-02T00:00:00+00:00
[2023-11-24T17:43:11.060+0000] {processor.py:179} INFO - Processing /opt/airflow/dags/load_data.py took 0.583 seconds
[2023-11-24T17:43:41.115+0000] {processor.py:157} INFO - Started process (PID=823) to work on /opt/airflow/dags/load_data.py
[2023-11-24T17:43:41.116+0000] {processor.py:829} INFO - Processing file /opt/airflow/dags/load_data.py for tasks to queue
[2023-11-24T17:43:41.118+0000] {logging_mixin.py:154} INFO - [2023-11-24T17:43:41.118+0000] {dagbag.py:536} INFO - Filling up the DagBag from /opt/airflow/dags/load_data.py
[2023-11-24T17:43:41.613+0000] {processor.py:839} INFO - DAG(s) dict_keys(['cargar_csv_a_postgres']) retrieved from /opt/airflow/dags/load_data.py
[2023-11-24T17:43:41.638+0000] {logging_mixin.py:154} INFO - [2023-11-24T17:43:41.637+0000] {dag.py:2941} INFO - Sync 1 DAGs
[2023-11-24T17:43:41.659+0000] {logging_mixin.py:154} INFO - [2023-11-24T17:43:41.658+0000] {dag.py:3722} INFO - Setting next_dagrun for cargar_csv_a_postgres to 2023-01-01T00:00:00+00:00, run_after=2023-01-02T00:00:00+00:00
[2023-11-24T17:43:41.676+0000] {processor.py:179} INFO - Processing /opt/airflow/dags/load_data.py took 0.567 seconds
[2023-11-24T17:44:11.941+0000] {processor.py:157} INFO - Started process (PID=831) to work on /opt/airflow/dags/load_data.py
[2023-11-24T17:44:11.943+0000] {processor.py:829} INFO - Processing file /opt/airflow/dags/load_data.py for tasks to queue
[2023-11-24T17:44:11.944+0000] {logging_mixin.py:154} INFO - [2023-11-24T17:44:11.944+0000] {dagbag.py:536} INFO - Filling up the DagBag from /opt/airflow/dags/load_data.py
[2023-11-24T17:44:12.396+0000] {processor.py:839} INFO - DAG(s) dict_keys(['cargar_csv_a_postgres']) retrieved from /opt/airflow/dags/load_data.py
[2023-11-24T17:44:12.422+0000] {logging_mixin.py:154} INFO - [2023-11-24T17:44:12.422+0000] {dag.py:2941} INFO - Sync 1 DAGs
[2023-11-24T17:44:12.447+0000] {logging_mixin.py:154} INFO - [2023-11-24T17:44:12.447+0000] {dag.py:3722} INFO - Setting next_dagrun for cargar_csv_a_postgres to 2023-01-01T00:00:00+00:00, run_after=2023-01-02T00:00:00+00:00
[2023-11-24T17:44:12.468+0000] {processor.py:179} INFO - Processing /opt/airflow/dags/load_data.py took 0.532 seconds
[2023-11-24T17:44:42.717+0000] {processor.py:157} INFO - Started process (PID=839) to work on /opt/airflow/dags/load_data.py
[2023-11-24T17:44:42.718+0000] {processor.py:829} INFO - Processing file /opt/airflow/dags/load_data.py for tasks to queue
[2023-11-24T17:44:42.720+0000] {logging_mixin.py:154} INFO - [2023-11-24T17:44:42.720+0000] {dagbag.py:536} INFO - Filling up the DagBag from /opt/airflow/dags/load_data.py
[2023-11-24T17:44:43.178+0000] {processor.py:839} INFO - DAG(s) dict_keys(['cargar_csv_a_postgres']) retrieved from /opt/airflow/dags/load_data.py
[2023-11-24T17:44:43.202+0000] {logging_mixin.py:154} INFO - [2023-11-24T17:44:43.201+0000] {dag.py:2941} INFO - Sync 1 DAGs
[2023-11-24T17:44:43.223+0000] {logging_mixin.py:154} INFO - [2023-11-24T17:44:43.222+0000] {dag.py:3722} INFO - Setting next_dagrun for cargar_csv_a_postgres to 2023-01-01T00:00:00+00:00, run_after=2023-01-02T00:00:00+00:00
[2023-11-24T17:44:43.242+0000] {processor.py:179} INFO - Processing /opt/airflow/dags/load_data.py took 0.530 seconds
[2023-11-24T17:45:13.491+0000] {processor.py:157} INFO - Started process (PID=847) to work on /opt/airflow/dags/load_data.py
[2023-11-24T17:45:13.492+0000] {processor.py:829} INFO - Processing file /opt/airflow/dags/load_data.py for tasks to queue
[2023-11-24T17:45:13.493+0000] {logging_mixin.py:154} INFO - [2023-11-24T17:45:13.493+0000] {dagbag.py:536} INFO - Filling up the DagBag from /opt/airflow/dags/load_data.py
[2023-11-24T17:45:13.977+0000] {processor.py:839} INFO - DAG(s) dict_keys(['cargar_csv_a_postgres']) retrieved from /opt/airflow/dags/load_data.py
[2023-11-24T17:45:14.002+0000] {logging_mixin.py:154} INFO - [2023-11-24T17:45:14.001+0000] {dag.py:2941} INFO - Sync 1 DAGs
[2023-11-24T17:45:14.024+0000] {logging_mixin.py:154} INFO - [2023-11-24T17:45:14.024+0000] {dag.py:3722} INFO - Setting next_dagrun for cargar_csv_a_postgres to 2023-01-01T00:00:00+00:00, run_after=2023-01-02T00:00:00+00:00
[2023-11-24T17:45:14.046+0000] {processor.py:179} INFO - Processing /opt/airflow/dags/load_data.py took 0.560 seconds
[2023-11-24T17:45:44.234+0000] {processor.py:157} INFO - Started process (PID=855) to work on /opt/airflow/dags/load_data.py
[2023-11-24T17:45:44.236+0000] {processor.py:829} INFO - Processing file /opt/airflow/dags/load_data.py for tasks to queue
[2023-11-24T17:45:44.237+0000] {logging_mixin.py:154} INFO - [2023-11-24T17:45:44.237+0000] {dagbag.py:536} INFO - Filling up the DagBag from /opt/airflow/dags/load_data.py
[2023-11-24T17:45:44.745+0000] {processor.py:839} INFO - DAG(s) dict_keys(['cargar_csv_a_postgres']) retrieved from /opt/airflow/dags/load_data.py
[2023-11-24T17:45:44.769+0000] {logging_mixin.py:154} INFO - [2023-11-24T17:45:44.768+0000] {dag.py:2941} INFO - Sync 1 DAGs
[2023-11-24T17:45:44.792+0000] {logging_mixin.py:154} INFO - [2023-11-24T17:45:44.792+0000] {dag.py:3722} INFO - Setting next_dagrun for cargar_csv_a_postgres to 2023-01-01T00:00:00+00:00, run_after=2023-01-02T00:00:00+00:00
[2023-11-24T17:45:44.810+0000] {processor.py:179} INFO - Processing /opt/airflow/dags/load_data.py took 0.581 seconds
[2023-11-24T17:46:15.064+0000] {processor.py:157} INFO - Started process (PID=863) to work on /opt/airflow/dags/load_data.py
[2023-11-24T17:46:15.065+0000] {processor.py:829} INFO - Processing file /opt/airflow/dags/load_data.py for tasks to queue
[2023-11-24T17:46:15.067+0000] {logging_mixin.py:154} INFO - [2023-11-24T17:46:15.066+0000] {dagbag.py:536} INFO - Filling up the DagBag from /opt/airflow/dags/load_data.py
[2023-11-24T17:46:15.565+0000] {processor.py:839} INFO - DAG(s) dict_keys(['cargar_csv_a_postgres']) retrieved from /opt/airflow/dags/load_data.py
[2023-11-24T17:46:15.589+0000] {logging_mixin.py:154} INFO - [2023-11-24T17:46:15.589+0000] {dag.py:2941} INFO - Sync 1 DAGs
[2023-11-24T17:46:15.611+0000] {logging_mixin.py:154} INFO - [2023-11-24T17:46:15.610+0000] {dag.py:3722} INFO - Setting next_dagrun for cargar_csv_a_postgres to 2023-01-01T00:00:00+00:00, run_after=2023-01-02T00:00:00+00:00
[2023-11-24T17:46:15.629+0000] {processor.py:179} INFO - Processing /opt/airflow/dags/load_data.py took 0.570 seconds
[2023-11-24T17:46:45.769+0000] {processor.py:157} INFO - Started process (PID=871) to work on /opt/airflow/dags/load_data.py
[2023-11-24T17:46:45.770+0000] {processor.py:829} INFO - Processing file /opt/airflow/dags/load_data.py for tasks to queue
[2023-11-24T17:46:45.772+0000] {logging_mixin.py:154} INFO - [2023-11-24T17:46:45.771+0000] {dagbag.py:536} INFO - Filling up the DagBag from /opt/airflow/dags/load_data.py
[2023-11-24T17:46:46.244+0000] {processor.py:839} INFO - DAG(s) dict_keys(['cargar_csv_a_postgres']) retrieved from /opt/airflow/dags/load_data.py
[2023-11-24T17:46:46.269+0000] {logging_mixin.py:154} INFO - [2023-11-24T17:46:46.268+0000] {dag.py:2941} INFO - Sync 1 DAGs
[2023-11-24T17:46:46.294+0000] {logging_mixin.py:154} INFO - [2023-11-24T17:46:46.294+0000] {dag.py:3722} INFO - Setting next_dagrun for cargar_csv_a_postgres to 2023-01-01T00:00:00+00:00, run_after=2023-01-02T00:00:00+00:00
[2023-11-24T17:46:46.315+0000] {processor.py:179} INFO - Processing /opt/airflow/dags/load_data.py took 0.552 seconds
[2023-11-24T17:47:16.551+0000] {processor.py:157} INFO - Started process (PID=879) to work on /opt/airflow/dags/load_data.py
[2023-11-24T17:47:16.552+0000] {processor.py:829} INFO - Processing file /opt/airflow/dags/load_data.py for tasks to queue
[2023-11-24T17:47:16.554+0000] {logging_mixin.py:154} INFO - [2023-11-24T17:47:16.554+0000] {dagbag.py:536} INFO - Filling up the DagBag from /opt/airflow/dags/load_data.py
[2023-11-24T17:47:17.001+0000] {processor.py:839} INFO - DAG(s) dict_keys(['cargar_csv_a_postgres']) retrieved from /opt/airflow/dags/load_data.py
[2023-11-24T17:47:17.024+0000] {logging_mixin.py:154} INFO - [2023-11-24T17:47:17.023+0000] {dag.py:2941} INFO - Sync 1 DAGs
[2023-11-24T17:47:17.045+0000] {logging_mixin.py:154} INFO - [2023-11-24T17:47:17.045+0000] {dag.py:3722} INFO - Setting next_dagrun for cargar_csv_a_postgres to 2023-01-01T00:00:00+00:00, run_after=2023-01-02T00:00:00+00:00
[2023-11-24T17:47:17.065+0000] {processor.py:179} INFO - Processing /opt/airflow/dags/load_data.py took 0.519 seconds
[2023-11-24T17:47:47.361+0000] {processor.py:157} INFO - Started process (PID=887) to work on /opt/airflow/dags/load_data.py
[2023-11-24T17:47:47.362+0000] {processor.py:829} INFO - Processing file /opt/airflow/dags/load_data.py for tasks to queue
[2023-11-24T17:47:47.364+0000] {logging_mixin.py:154} INFO - [2023-11-24T17:47:47.363+0000] {dagbag.py:536} INFO - Filling up the DagBag from /opt/airflow/dags/load_data.py
[2023-11-24T17:47:47.859+0000] {processor.py:839} INFO - DAG(s) dict_keys(['cargar_csv_a_postgres']) retrieved from /opt/airflow/dags/load_data.py
[2023-11-24T17:47:47.884+0000] {logging_mixin.py:154} INFO - [2023-11-24T17:47:47.883+0000] {dag.py:2941} INFO - Sync 1 DAGs
[2023-11-24T17:47:47.907+0000] {logging_mixin.py:154} INFO - [2023-11-24T17:47:47.907+0000] {dag.py:3722} INFO - Setting next_dagrun for cargar_csv_a_postgres to 2023-01-01T00:00:00+00:00, run_after=2023-01-02T00:00:00+00:00
[2023-11-24T17:47:47.928+0000] {processor.py:179} INFO - Processing /opt/airflow/dags/load_data.py took 0.571 seconds
[2023-11-24T17:48:18.165+0000] {processor.py:157} INFO - Started process (PID=895) to work on /opt/airflow/dags/load_data.py
[2023-11-24T17:48:18.166+0000] {processor.py:829} INFO - Processing file /opt/airflow/dags/load_data.py for tasks to queue
[2023-11-24T17:48:18.168+0000] {logging_mixin.py:154} INFO - [2023-11-24T17:48:18.167+0000] {dagbag.py:536} INFO - Filling up the DagBag from /opt/airflow/dags/load_data.py
[2023-11-24T17:48:18.649+0000] {processor.py:839} INFO - DAG(s) dict_keys(['cargar_csv_a_postgres']) retrieved from /opt/airflow/dags/load_data.py
[2023-11-24T17:48:18.672+0000] {logging_mixin.py:154} INFO - [2023-11-24T17:48:18.671+0000] {dag.py:2941} INFO - Sync 1 DAGs
[2023-11-24T17:48:18.695+0000] {logging_mixin.py:154} INFO - [2023-11-24T17:48:18.695+0000] {dag.py:3722} INFO - Setting next_dagrun for cargar_csv_a_postgres to 2023-01-01T00:00:00+00:00, run_after=2023-01-02T00:00:00+00:00
[2023-11-24T17:48:18.713+0000] {processor.py:179} INFO - Processing /opt/airflow/dags/load_data.py took 0.553 seconds
[2023-11-24T17:48:48.840+0000] {processor.py:157} INFO - Started process (PID=904) to work on /opt/airflow/dags/load_data.py
[2023-11-24T17:48:48.842+0000] {processor.py:829} INFO - Processing file /opt/airflow/dags/load_data.py for tasks to queue
[2023-11-24T17:48:48.843+0000] {logging_mixin.py:154} INFO - [2023-11-24T17:48:48.843+0000] {dagbag.py:536} INFO - Filling up the DagBag from /opt/airflow/dags/load_data.py
[2023-11-24T17:48:49.361+0000] {processor.py:839} INFO - DAG(s) dict_keys(['cargar_csv_a_postgres']) retrieved from /opt/airflow/dags/load_data.py
[2023-11-24T17:48:49.384+0000] {logging_mixin.py:154} INFO - [2023-11-24T17:48:49.384+0000] {dag.py:2941} INFO - Sync 1 DAGs
[2023-11-24T17:48:49.408+0000] {logging_mixin.py:154} INFO - [2023-11-24T17:48:49.408+0000] {dag.py:3722} INFO - Setting next_dagrun for cargar_csv_a_postgres to 2023-01-01T00:00:00+00:00, run_after=2023-01-02T00:00:00+00:00
[2023-11-24T17:48:49.428+0000] {processor.py:179} INFO - Processing /opt/airflow/dags/load_data.py took 0.592 seconds
[2023-11-24T17:49:19.659+0000] {processor.py:157} INFO - Started process (PID=912) to work on /opt/airflow/dags/load_data.py
[2023-11-24T17:49:19.661+0000] {processor.py:829} INFO - Processing file /opt/airflow/dags/load_data.py for tasks to queue
[2023-11-24T17:49:19.663+0000] {logging_mixin.py:154} INFO - [2023-11-24T17:49:19.662+0000] {dagbag.py:536} INFO - Filling up the DagBag from /opt/airflow/dags/load_data.py
[2023-11-24T17:49:20.150+0000] {processor.py:839} INFO - DAG(s) dict_keys(['cargar_csv_a_postgres']) retrieved from /opt/airflow/dags/load_data.py
[2023-11-24T17:49:20.173+0000] {logging_mixin.py:154} INFO - [2023-11-24T17:49:20.172+0000] {dag.py:2941} INFO - Sync 1 DAGs
[2023-11-24T17:49:20.193+0000] {logging_mixin.py:154} INFO - [2023-11-24T17:49:20.192+0000] {dag.py:3722} INFO - Setting next_dagrun for cargar_csv_a_postgres to 2023-01-01T00:00:00+00:00, run_after=2023-01-02T00:00:00+00:00
[2023-11-24T17:49:20.217+0000] {processor.py:179} INFO - Processing /opt/airflow/dags/load_data.py took 0.562 seconds
[2023-11-24T17:49:50.387+0000] {processor.py:157} INFO - Started process (PID=920) to work on /opt/airflow/dags/load_data.py
[2023-11-24T17:49:50.388+0000] {processor.py:829} INFO - Processing file /opt/airflow/dags/load_data.py for tasks to queue
[2023-11-24T17:49:50.389+0000] {logging_mixin.py:154} INFO - [2023-11-24T17:49:50.389+0000] {dagbag.py:536} INFO - Filling up the DagBag from /opt/airflow/dags/load_data.py
[2023-11-24T17:49:50.884+0000] {processor.py:839} INFO - DAG(s) dict_keys(['cargar_csv_a_postgres']) retrieved from /opt/airflow/dags/load_data.py
[2023-11-24T17:49:50.914+0000] {logging_mixin.py:154} INFO - [2023-11-24T17:49:50.913+0000] {dag.py:2941} INFO - Sync 1 DAGs
[2023-11-24T17:49:50.937+0000] {logging_mixin.py:154} INFO - [2023-11-24T17:49:50.937+0000] {dag.py:3722} INFO - Setting next_dagrun for cargar_csv_a_postgres to 2023-01-01T00:00:00+00:00, run_after=2023-01-02T00:00:00+00:00
[2023-11-24T17:49:50.959+0000] {processor.py:179} INFO - Processing /opt/airflow/dags/load_data.py took 0.577 seconds
[2023-11-24T17:50:21.202+0000] {processor.py:157} INFO - Started process (PID=928) to work on /opt/airflow/dags/load_data.py
[2023-11-24T17:50:21.204+0000] {processor.py:829} INFO - Processing file /opt/airflow/dags/load_data.py for tasks to queue
[2023-11-24T17:50:21.205+0000] {logging_mixin.py:154} INFO - [2023-11-24T17:50:21.204+0000] {dagbag.py:536} INFO - Filling up the DagBag from /opt/airflow/dags/load_data.py
[2023-11-24T17:50:21.704+0000] {processor.py:839} INFO - DAG(s) dict_keys(['cargar_csv_a_postgres']) retrieved from /opt/airflow/dags/load_data.py
[2023-11-24T17:50:21.728+0000] {logging_mixin.py:154} INFO - [2023-11-24T17:50:21.727+0000] {dag.py:2941} INFO - Sync 1 DAGs
[2023-11-24T17:50:21.750+0000] {logging_mixin.py:154} INFO - [2023-11-24T17:50:21.749+0000] {dag.py:3722} INFO - Setting next_dagrun for cargar_csv_a_postgres to 2023-01-01T00:00:00+00:00, run_after=2023-01-02T00:00:00+00:00
[2023-11-24T17:50:21.770+0000] {processor.py:179} INFO - Processing /opt/airflow/dags/load_data.py took 0.575 seconds
[2023-11-24T17:50:51.912+0000] {processor.py:157} INFO - Started process (PID=935) to work on /opt/airflow/dags/load_data.py
[2023-11-24T17:50:51.917+0000] {processor.py:829} INFO - Processing file /opt/airflow/dags/load_data.py for tasks to queue
[2023-11-24T17:50:51.925+0000] {logging_mixin.py:154} INFO - [2023-11-24T17:50:51.924+0000] {dagbag.py:536} INFO - Filling up the DagBag from /opt/airflow/dags/load_data.py
[2023-11-24T17:50:52.647+0000] {processor.py:839} INFO - DAG(s) dict_keys(['cargar_csv_a_postgres']) retrieved from /opt/airflow/dags/load_data.py
[2023-11-24T17:50:52.671+0000] {logging_mixin.py:154} INFO - [2023-11-24T17:50:52.670+0000] {dag.py:2941} INFO - Sync 1 DAGs
[2023-11-24T17:50:52.698+0000] {logging_mixin.py:154} INFO - [2023-11-24T17:50:52.698+0000] {dag.py:3722} INFO - Setting next_dagrun for cargar_csv_a_postgres to 2023-01-01T00:00:00+00:00, run_after=2023-01-02T00:00:00+00:00
[2023-11-24T17:50:52.718+0000] {processor.py:179} INFO - Processing /opt/airflow/dags/load_data.py took 0.817 seconds
[2023-11-24T17:51:22.968+0000] {processor.py:157} INFO - Started process (PID=943) to work on /opt/airflow/dags/load_data.py
[2023-11-24T17:51:23.029+0000] {processor.py:829} INFO - Processing file /opt/airflow/dags/load_data.py for tasks to queue
[2023-11-24T17:51:23.045+0000] {logging_mixin.py:154} INFO - [2023-11-24T17:51:23.044+0000] {dagbag.py:536} INFO - Filling up the DagBag from /opt/airflow/dags/load_data.py
[2023-11-24T17:51:23.536+0000] {processor.py:839} INFO - DAG(s) dict_keys(['cargar_csv_a_postgres']) retrieved from /opt/airflow/dags/load_data.py
[2023-11-24T17:51:23.560+0000] {logging_mixin.py:154} INFO - [2023-11-24T17:51:23.559+0000] {dag.py:2941} INFO - Sync 1 DAGs
[2023-11-24T17:51:23.581+0000] {logging_mixin.py:154} INFO - [2023-11-24T17:51:23.581+0000] {dag.py:3722} INFO - Setting next_dagrun for cargar_csv_a_postgres to 2023-01-01T00:00:00+00:00, run_after=2023-01-02T00:00:00+00:00
[2023-11-24T17:51:23.601+0000] {processor.py:179} INFO - Processing /opt/airflow/dags/load_data.py took 0.640 seconds
[2023-11-24T17:51:53.869+0000] {processor.py:157} INFO - Started process (PID=951) to work on /opt/airflow/dags/load_data.py
[2023-11-24T17:51:53.871+0000] {processor.py:829} INFO - Processing file /opt/airflow/dags/load_data.py for tasks to queue
[2023-11-24T17:51:53.872+0000] {logging_mixin.py:154} INFO - [2023-11-24T17:51:53.872+0000] {dagbag.py:536} INFO - Filling up the DagBag from /opt/airflow/dags/load_data.py
[2023-11-24T17:51:54.365+0000] {processor.py:839} INFO - DAG(s) dict_keys(['cargar_csv_a_postgres']) retrieved from /opt/airflow/dags/load_data.py
[2023-11-24T17:51:54.391+0000] {logging_mixin.py:154} INFO - [2023-11-24T17:51:54.390+0000] {dag.py:2941} INFO - Sync 1 DAGs
[2023-11-24T17:51:54.412+0000] {logging_mixin.py:154} INFO - [2023-11-24T17:51:54.412+0000] {dag.py:3722} INFO - Setting next_dagrun for cargar_csv_a_postgres to 2023-01-01T00:00:00+00:00, run_after=2023-01-02T00:00:00+00:00
[2023-11-24T17:51:54.432+0000] {processor.py:179} INFO - Processing /opt/airflow/dags/load_data.py took 0.568 seconds
[2023-11-24T17:52:24.679+0000] {processor.py:157} INFO - Started process (PID=959) to work on /opt/airflow/dags/load_data.py
[2023-11-24T17:52:24.680+0000] {processor.py:829} INFO - Processing file /opt/airflow/dags/load_data.py for tasks to queue
[2023-11-24T17:52:24.681+0000] {logging_mixin.py:154} INFO - [2023-11-24T17:52:24.681+0000] {dagbag.py:536} INFO - Filling up the DagBag from /opt/airflow/dags/load_data.py
[2023-11-24T17:52:25.152+0000] {processor.py:839} INFO - DAG(s) dict_keys(['cargar_csv_a_postgres']) retrieved from /opt/airflow/dags/load_data.py
[2023-11-24T17:52:25.176+0000] {logging_mixin.py:154} INFO - [2023-11-24T17:52:25.175+0000] {dag.py:2941} INFO - Sync 1 DAGs
[2023-11-24T17:52:25.198+0000] {logging_mixin.py:154} INFO - [2023-11-24T17:52:25.197+0000] {dag.py:3722} INFO - Setting next_dagrun for cargar_csv_a_postgres to 2023-01-01T00:00:00+00:00, run_after=2023-01-02T00:00:00+00:00
[2023-11-24T17:52:25.217+0000] {processor.py:179} INFO - Processing /opt/airflow/dags/load_data.py took 0.544 seconds
[2023-11-24T17:52:55.527+0000] {processor.py:157} INFO - Started process (PID=967) to work on /opt/airflow/dags/load_data.py
[2023-11-24T17:52:55.528+0000] {processor.py:829} INFO - Processing file /opt/airflow/dags/load_data.py for tasks to queue
[2023-11-24T17:52:55.530+0000] {logging_mixin.py:154} INFO - [2023-11-24T17:52:55.529+0000] {dagbag.py:536} INFO - Filling up the DagBag from /opt/airflow/dags/load_data.py
[2023-11-24T17:52:56.009+0000] {processor.py:839} INFO - DAG(s) dict_keys(['cargar_csv_a_postgres']) retrieved from /opt/airflow/dags/load_data.py
[2023-11-24T17:52:56.037+0000] {logging_mixin.py:154} INFO - [2023-11-24T17:52:56.036+0000] {dag.py:2941} INFO - Sync 1 DAGs
[2023-11-24T17:52:56.060+0000] {logging_mixin.py:154} INFO - [2023-11-24T17:52:56.059+0000] {dag.py:3722} INFO - Setting next_dagrun for cargar_csv_a_postgres to 2023-01-01T00:00:00+00:00, run_after=2023-01-02T00:00:00+00:00
[2023-11-24T17:52:56.079+0000] {processor.py:179} INFO - Processing /opt/airflow/dags/load_data.py took 0.557 seconds
[2023-11-24T17:53:13.030+0000] {processor.py:157} INFO - Started process (PID=975) to work on /opt/airflow/dags/load_data.py
[2023-11-24T17:53:13.033+0000] {processor.py:829} INFO - Processing file /opt/airflow/dags/load_data.py for tasks to queue
[2023-11-24T17:53:13.034+0000] {logging_mixin.py:154} INFO - [2023-11-24T17:53:13.034+0000] {dagbag.py:536} INFO - Filling up the DagBag from /opt/airflow/dags/load_data.py
[2023-11-24T17:53:13.046+0000] {logging_mixin.py:154} INFO - [2023-11-24T17:53:13.041+0000] {dagbag.py:346} ERROR - Failed to import: /opt/airflow/dags/load_data.py
Traceback (most recent call last):
  File "/home/airflow/.local/lib/python3.8/site-packages/airflow/models/dagbag.py", line 342, in parse
    loader.exec_module(new_module)
  File "<frozen importlib._bootstrap_external>", line 839, in exec_module
  File "<frozen importlib._bootstrap_external>", line 976, in get_code
  File "<frozen importlib._bootstrap_external>", line 906, in source_to_code
  File "<frozen importlib._bootstrap>", line 219, in _call_with_frames_removed
  File "/opt/airflow/dags/load_data.py", line 33
    df = pd.read_csv(CSV_FILE_PATH)git
                                   ^
SyntaxError: invalid syntax
[2023-11-24T17:53:13.047+0000] {processor.py:841} WARNING - No viable dags retrieved from /opt/airflow/dags/load_data.py
[2023-11-24T17:53:13.090+0000] {processor.py:179} INFO - Processing /opt/airflow/dags/load_data.py took 0.069 seconds
[2023-11-24T17:53:43.287+0000] {processor.py:157} INFO - Started process (PID=982) to work on /opt/airflow/dags/load_data.py
[2023-11-24T17:53:43.288+0000] {processor.py:829} INFO - Processing file /opt/airflow/dags/load_data.py for tasks to queue
[2023-11-24T17:53:43.290+0000] {logging_mixin.py:154} INFO - [2023-11-24T17:53:43.289+0000] {dagbag.py:536} INFO - Filling up the DagBag from /opt/airflow/dags/load_data.py
[2023-11-24T17:53:43.297+0000] {logging_mixin.py:154} INFO - [2023-11-24T17:53:43.295+0000] {dagbag.py:346} ERROR - Failed to import: /opt/airflow/dags/load_data.py
Traceback (most recent call last):
  File "/home/airflow/.local/lib/python3.8/site-packages/airflow/models/dagbag.py", line 342, in parse
    loader.exec_module(new_module)
  File "<frozen importlib._bootstrap_external>", line 839, in exec_module
  File "<frozen importlib._bootstrap_external>", line 976, in get_code
  File "<frozen importlib._bootstrap_external>", line 906, in source_to_code
  File "<frozen importlib._bootstrap>", line 219, in _call_with_frames_removed
  File "/opt/airflow/dags/load_data.py", line 33
    df = pd.read_csv(CSV_FILE_PATH)git
                                   ^
SyntaxError: invalid syntax
[2023-11-24T17:53:43.297+0000] {processor.py:841} WARNING - No viable dags retrieved from /opt/airflow/dags/load_data.py
[2023-11-24T17:53:43.321+0000] {processor.py:179} INFO - Processing /opt/airflow/dags/load_data.py took 0.040 seconds
[2023-11-24T17:54:00.422+0000] {processor.py:157} INFO - Started process (PID=983) to work on /opt/airflow/dags/load_data.py
[2023-11-24T17:54:00.424+0000] {processor.py:829} INFO - Processing file /opt/airflow/dags/load_data.py for tasks to queue
[2023-11-24T17:54:00.426+0000] {logging_mixin.py:154} INFO - [2023-11-24T17:54:00.425+0000] {dagbag.py:536} INFO - Filling up the DagBag from /opt/airflow/dags/load_data.py
[2023-11-24T17:54:01.021+0000] {processor.py:839} INFO - DAG(s) dict_keys(['cargar_csv_a_postgres']) retrieved from /opt/airflow/dags/load_data.py
[2023-11-24T17:54:01.048+0000] {logging_mixin.py:154} INFO - [2023-11-24T17:54:01.048+0000] {dag.py:2941} INFO - Sync 1 DAGs
[2023-11-24T17:54:01.074+0000] {logging_mixin.py:154} INFO - [2023-11-24T17:54:01.073+0000] {dag.py:3722} INFO - Setting next_dagrun for cargar_csv_a_postgres to 2023-01-01T00:00:00+00:00, run_after=2023-01-02T00:00:00+00:00
[2023-11-24T17:54:01.097+0000] {processor.py:179} INFO - Processing /opt/airflow/dags/load_data.py took 0.680 seconds
[2023-11-24T17:54:31.379+0000] {processor.py:157} INFO - Started process (PID=991) to work on /opt/airflow/dags/load_data.py
[2023-11-24T17:54:31.381+0000] {processor.py:829} INFO - Processing file /opt/airflow/dags/load_data.py for tasks to queue
[2023-11-24T17:54:31.382+0000] {logging_mixin.py:154} INFO - [2023-11-24T17:54:31.382+0000] {dagbag.py:536} INFO - Filling up the DagBag from /opt/airflow/dags/load_data.py
[2023-11-24T17:54:31.948+0000] {processor.py:839} INFO - DAG(s) dict_keys(['cargar_csv_a_postgres']) retrieved from /opt/airflow/dags/load_data.py
[2023-11-24T17:54:32.047+0000] {logging_mixin.py:154} INFO - [2023-11-24T17:54:32.046+0000] {dag.py:2941} INFO - Sync 1 DAGs
[2023-11-24T17:54:32.129+0000] {logging_mixin.py:154} INFO - [2023-11-24T17:54:32.129+0000] {dag.py:3722} INFO - Setting next_dagrun for cargar_csv_a_postgres to 2023-01-01T00:00:00+00:00, run_after=2023-01-02T00:00:00+00:00
[2023-11-24T17:54:32.166+0000] {processor.py:179} INFO - Processing /opt/airflow/dags/load_data.py took 0.792 seconds
[2023-11-24T17:55:02.444+0000] {processor.py:157} INFO - Started process (PID=999) to work on /opt/airflow/dags/load_data.py
[2023-11-24T17:55:02.445+0000] {processor.py:829} INFO - Processing file /opt/airflow/dags/load_data.py for tasks to queue
[2023-11-24T17:55:02.447+0000] {logging_mixin.py:154} INFO - [2023-11-24T17:55:02.446+0000] {dagbag.py:536} INFO - Filling up the DagBag from /opt/airflow/dags/load_data.py
[2023-11-24T17:55:03.056+0000] {processor.py:839} INFO - DAG(s) dict_keys(['cargar_csv_a_postgres']) retrieved from /opt/airflow/dags/load_data.py
[2023-11-24T17:55:03.084+0000] {logging_mixin.py:154} INFO - [2023-11-24T17:55:03.083+0000] {dag.py:2941} INFO - Sync 1 DAGs
[2023-11-24T17:55:03.117+0000] {logging_mixin.py:154} INFO - [2023-11-24T17:55:03.116+0000] {dag.py:3722} INFO - Setting next_dagrun for cargar_csv_a_postgres to 2023-01-01T00:00:00+00:00, run_after=2023-01-02T00:00:00+00:00
[2023-11-24T17:55:03.161+0000] {processor.py:179} INFO - Processing /opt/airflow/dags/load_data.py took 0.723 seconds
[2023-11-24T17:55:33.441+0000] {processor.py:157} INFO - Started process (PID=1007) to work on /opt/airflow/dags/load_data.py
[2023-11-24T17:55:33.447+0000] {processor.py:829} INFO - Processing file /opt/airflow/dags/load_data.py for tasks to queue
[2023-11-24T17:55:33.448+0000] {logging_mixin.py:154} INFO - [2023-11-24T17:55:33.448+0000] {dagbag.py:536} INFO - Filling up the DagBag from /opt/airflow/dags/load_data.py
[2023-11-24T17:55:34.298+0000] {processor.py:839} INFO - DAG(s) dict_keys(['cargar_csv_a_postgres']) retrieved from /opt/airflow/dags/load_data.py
[2023-11-24T17:55:34.330+0000] {logging_mixin.py:154} INFO - [2023-11-24T17:55:34.329+0000] {dag.py:2941} INFO - Sync 1 DAGs
[2023-11-24T17:55:34.441+0000] {logging_mixin.py:154} INFO - [2023-11-24T17:55:34.441+0000] {dag.py:3722} INFO - Setting next_dagrun for cargar_csv_a_postgres to 2023-01-01T00:00:00+00:00, run_after=2023-01-02T00:00:00+00:00
[2023-11-24T17:55:34.470+0000] {processor.py:179} INFO - Processing /opt/airflow/dags/load_data.py took 1.075 seconds
[2023-11-24T17:56:04.625+0000] {processor.py:157} INFO - Started process (PID=1015) to work on /opt/airflow/dags/load_data.py
[2023-11-24T17:56:04.628+0000] {processor.py:829} INFO - Processing file /opt/airflow/dags/load_data.py for tasks to queue
[2023-11-24T17:56:04.629+0000] {logging_mixin.py:154} INFO - [2023-11-24T17:56:04.629+0000] {dagbag.py:536} INFO - Filling up the DagBag from /opt/airflow/dags/load_data.py
[2023-11-24T17:56:05.175+0000] {processor.py:839} INFO - DAG(s) dict_keys(['cargar_csv_a_postgres']) retrieved from /opt/airflow/dags/load_data.py
[2023-11-24T17:56:05.197+0000] {logging_mixin.py:154} INFO - [2023-11-24T17:56:05.196+0000] {dag.py:2941} INFO - Sync 1 DAGs
[2023-11-24T17:56:05.219+0000] {logging_mixin.py:154} INFO - [2023-11-24T17:56:05.219+0000] {dag.py:3722} INFO - Setting next_dagrun for cargar_csv_a_postgres to 2023-01-01T00:00:00+00:00, run_after=2023-01-02T00:00:00+00:00
[2023-11-24T17:56:05.237+0000] {processor.py:179} INFO - Processing /opt/airflow/dags/load_data.py took 0.617 seconds
[2023-11-24T17:56:35.496+0000] {processor.py:157} INFO - Started process (PID=1023) to work on /opt/airflow/dags/load_data.py
[2023-11-24T17:56:35.498+0000] {processor.py:829} INFO - Processing file /opt/airflow/dags/load_data.py for tasks to queue
[2023-11-24T17:56:35.499+0000] {logging_mixin.py:154} INFO - [2023-11-24T17:56:35.499+0000] {dagbag.py:536} INFO - Filling up the DagBag from /opt/airflow/dags/load_data.py
[2023-11-24T17:56:35.960+0000] {processor.py:839} INFO - DAG(s) dict_keys(['cargar_csv_a_postgres']) retrieved from /opt/airflow/dags/load_data.py
[2023-11-24T17:56:35.985+0000] {logging_mixin.py:154} INFO - [2023-11-24T17:56:35.984+0000] {dag.py:2941} INFO - Sync 1 DAGs
[2023-11-24T17:56:36.006+0000] {logging_mixin.py:154} INFO - [2023-11-24T17:56:36.005+0000] {dag.py:3722} INFO - Setting next_dagrun for cargar_csv_a_postgres to 2023-01-01T00:00:00+00:00, run_after=2023-01-02T00:00:00+00:00
[2023-11-24T17:56:36.027+0000] {processor.py:179} INFO - Processing /opt/airflow/dags/load_data.py took 0.538 seconds
[2023-11-24T17:57:06.150+0000] {processor.py:157} INFO - Started process (PID=1031) to work on /opt/airflow/dags/load_data.py
[2023-11-24T17:57:06.152+0000] {processor.py:829} INFO - Processing file /opt/airflow/dags/load_data.py for tasks to queue
[2023-11-24T17:57:06.153+0000] {logging_mixin.py:154} INFO - [2023-11-24T17:57:06.153+0000] {dagbag.py:536} INFO - Filling up the DagBag from /opt/airflow/dags/load_data.py
[2023-11-24T17:57:06.638+0000] {processor.py:839} INFO - DAG(s) dict_keys(['cargar_csv_a_postgres']) retrieved from /opt/airflow/dags/load_data.py
[2023-11-24T17:57:06.661+0000] {logging_mixin.py:154} INFO - [2023-11-24T17:57:06.661+0000] {dag.py:2941} INFO - Sync 1 DAGs
[2023-11-24T17:57:06.684+0000] {logging_mixin.py:154} INFO - [2023-11-24T17:57:06.684+0000] {dag.py:3722} INFO - Setting next_dagrun for cargar_csv_a_postgres to 2023-01-01T00:00:00+00:00, run_after=2023-01-02T00:00:00+00:00
[2023-11-24T17:57:06.704+0000] {processor.py:179} INFO - Processing /opt/airflow/dags/load_data.py took 0.559 seconds
[2023-11-24T17:57:36.922+0000] {processor.py:157} INFO - Started process (PID=1039) to work on /opt/airflow/dags/load_data.py
[2023-11-24T17:57:36.924+0000] {processor.py:829} INFO - Processing file /opt/airflow/dags/load_data.py for tasks to queue
[2023-11-24T17:57:36.925+0000] {logging_mixin.py:154} INFO - [2023-11-24T17:57:36.925+0000] {dagbag.py:536} INFO - Filling up the DagBag from /opt/airflow/dags/load_data.py
[2023-11-24T17:57:37.460+0000] {processor.py:839} INFO - DAG(s) dict_keys(['cargar_csv_a_postgres']) retrieved from /opt/airflow/dags/load_data.py
[2023-11-24T17:57:37.484+0000] {logging_mixin.py:154} INFO - [2023-11-24T17:57:37.484+0000] {dag.py:2941} INFO - Sync 1 DAGs
[2023-11-24T17:57:37.508+0000] {logging_mixin.py:154} INFO - [2023-11-24T17:57:37.508+0000] {dag.py:3722} INFO - Setting next_dagrun for cargar_csv_a_postgres to 2023-01-01T00:00:00+00:00, run_after=2023-01-02T00:00:00+00:00
[2023-11-24T17:57:37.527+0000] {processor.py:179} INFO - Processing /opt/airflow/dags/load_data.py took 0.610 seconds
[2023-11-24T17:58:07.812+0000] {processor.py:157} INFO - Started process (PID=1047) to work on /opt/airflow/dags/load_data.py
[2023-11-24T17:58:07.815+0000] {processor.py:829} INFO - Processing file /opt/airflow/dags/load_data.py for tasks to queue
[2023-11-24T17:58:07.817+0000] {logging_mixin.py:154} INFO - [2023-11-24T17:58:07.816+0000] {dagbag.py:536} INFO - Filling up the DagBag from /opt/airflow/dags/load_data.py
[2023-11-24T17:58:08.272+0000] {processor.py:839} INFO - DAG(s) dict_keys(['cargar_csv_a_postgres']) retrieved from /opt/airflow/dags/load_data.py
[2023-11-24T17:58:08.298+0000] {logging_mixin.py:154} INFO - [2023-11-24T17:58:08.296+0000] {dag.py:2941} INFO - Sync 1 DAGs
[2023-11-24T17:58:08.320+0000] {logging_mixin.py:154} INFO - [2023-11-24T17:58:08.320+0000] {dag.py:3722} INFO - Setting next_dagrun for cargar_csv_a_postgres to 2023-01-01T00:00:00+00:00, run_after=2023-01-02T00:00:00+00:00
[2023-11-24T17:58:08.340+0000] {processor.py:179} INFO - Processing /opt/airflow/dags/load_data.py took 0.531 seconds
[2023-11-24T17:58:38.609+0000] {processor.py:157} INFO - Started process (PID=1055) to work on /opt/airflow/dags/load_data.py
[2023-11-24T17:58:38.620+0000] {processor.py:829} INFO - Processing file /opt/airflow/dags/load_data.py for tasks to queue
[2023-11-24T17:58:38.622+0000] {logging_mixin.py:154} INFO - [2023-11-24T17:58:38.621+0000] {dagbag.py:536} INFO - Filling up the DagBag from /opt/airflow/dags/load_data.py
[2023-11-24T17:58:39.334+0000] {processor.py:839} INFO - DAG(s) dict_keys(['cargar_csv_a_postgres']) retrieved from /opt/airflow/dags/load_data.py
[2023-11-24T17:58:39.365+0000] {logging_mixin.py:154} INFO - [2023-11-24T17:58:39.365+0000] {dag.py:2941} INFO - Sync 1 DAGs
[2023-11-24T17:58:39.394+0000] {logging_mixin.py:154} INFO - [2023-11-24T17:58:39.393+0000] {dag.py:3722} INFO - Setting next_dagrun for cargar_csv_a_postgres to 2023-01-01T00:00:00+00:00, run_after=2023-01-02T00:00:00+00:00
[2023-11-24T17:58:39.415+0000] {processor.py:179} INFO - Processing /opt/airflow/dags/load_data.py took 0.812 seconds
[2023-11-24T17:59:09.682+0000] {processor.py:157} INFO - Started process (PID=1069) to work on /opt/airflow/dags/load_data.py
[2023-11-24T17:59:09.684+0000] {processor.py:829} INFO - Processing file /opt/airflow/dags/load_data.py for tasks to queue
[2023-11-24T17:59:09.685+0000] {logging_mixin.py:154} INFO - [2023-11-24T17:59:09.685+0000] {dagbag.py:536} INFO - Filling up the DagBag from /opt/airflow/dags/load_data.py
[2023-11-24T17:59:10.162+0000] {processor.py:839} INFO - DAG(s) dict_keys(['cargar_csv_a_postgres']) retrieved from /opt/airflow/dags/load_data.py
[2023-11-24T17:59:10.185+0000] {logging_mixin.py:154} INFO - [2023-11-24T17:59:10.184+0000] {dag.py:2941} INFO - Sync 1 DAGs
[2023-11-24T17:59:10.207+0000] {logging_mixin.py:154} INFO - [2023-11-24T17:59:10.207+0000] {dag.py:3722} INFO - Setting next_dagrun for cargar_csv_a_postgres to 2023-01-01T00:00:00+00:00, run_after=2023-01-02T00:00:00+00:00
[2023-11-24T17:59:10.227+0000] {processor.py:179} INFO - Processing /opt/airflow/dags/load_data.py took 0.549 seconds
[2023-11-24T17:59:40.496+0000] {processor.py:157} INFO - Started process (PID=1077) to work on /opt/airflow/dags/load_data.py
[2023-11-24T17:59:40.497+0000] {processor.py:829} INFO - Processing file /opt/airflow/dags/load_data.py for tasks to queue
[2023-11-24T17:59:40.499+0000] {logging_mixin.py:154} INFO - [2023-11-24T17:59:40.498+0000] {dagbag.py:536} INFO - Filling up the DagBag from /opt/airflow/dags/load_data.py
[2023-11-24T17:59:40.965+0000] {processor.py:839} INFO - DAG(s) dict_keys(['cargar_csv_a_postgres']) retrieved from /opt/airflow/dags/load_data.py
[2023-11-24T17:59:40.994+0000] {logging_mixin.py:154} INFO - [2023-11-24T17:59:40.993+0000] {dag.py:2941} INFO - Sync 1 DAGs
[2023-11-24T17:59:41.016+0000] {logging_mixin.py:154} INFO - [2023-11-24T17:59:41.016+0000] {dag.py:3722} INFO - Setting next_dagrun for cargar_csv_a_postgres to 2023-01-01T00:00:00+00:00, run_after=2023-01-02T00:00:00+00:00
[2023-11-24T17:59:41.036+0000] {processor.py:179} INFO - Processing /opt/airflow/dags/load_data.py took 0.545 seconds
[2023-11-24T18:00:11.164+0000] {processor.py:157} INFO - Started process (PID=1085) to work on /opt/airflow/dags/load_data.py
[2023-11-24T18:00:11.165+0000] {processor.py:829} INFO - Processing file /opt/airflow/dags/load_data.py for tasks to queue
[2023-11-24T18:00:11.167+0000] {logging_mixin.py:154} INFO - [2023-11-24T18:00:11.166+0000] {dagbag.py:536} INFO - Filling up the DagBag from /opt/airflow/dags/load_data.py
[2023-11-24T18:00:11.643+0000] {processor.py:839} INFO - DAG(s) dict_keys(['cargar_csv_a_postgres']) retrieved from /opt/airflow/dags/load_data.py
[2023-11-24T18:00:11.666+0000] {logging_mixin.py:154} INFO - [2023-11-24T18:00:11.665+0000] {dag.py:2941} INFO - Sync 1 DAGs
[2023-11-24T18:00:11.692+0000] {logging_mixin.py:154} INFO - [2023-11-24T18:00:11.692+0000] {dag.py:3722} INFO - Setting next_dagrun for cargar_csv_a_postgres to 2023-01-01T00:00:00+00:00, run_after=2023-01-02T00:00:00+00:00
[2023-11-24T18:00:11.714+0000] {processor.py:179} INFO - Processing /opt/airflow/dags/load_data.py took 0.555 seconds
